     1                                  
     2                                          BOOT_LOAD equ 0x7c00
     3                                          ORG    BOOT_LOAD
     4                                  %include "../include/macro.s"
     1                              <1> %macro cdecl 1-*.nolist
     2                              <1>     %rep  %0 - 1
     3                              <1>         push   %{-1:-1}
     4                              <1>         %rotate -1
     5                              <1>     %endrep
     6                              <1>     %rotate -1
     7                              <1>         call    %1
     8                              <1>     %if 1 < %0
     9                              <1>         add    sp,(__BITS__>>3)*(%0 - 1)
    10                              <1>     %endif
    11                              <1> 
    12                              <1>     
    13                              <1> 
    14                              <1> %endmacro
    15                              <1> 
     5                                  entry: 
     6 00000000 EB58                            jmp   ipl          ;IPL jump
     7 00000002 90<rep 58h>                     times 90 - ($ - $$) db 0x90 ;
     8                                  
     9                                  ipl:    
    10 0000005A FA                              cli
    11 0000005B B80000                          mov   ax, 0x0000
    12 0000005E 8ED8                            mov   ds, ax
    13 00000060 8EC0                            mov   es, ax
    14 00000062 8ED0                            mov   ss, ax
    15 00000064 BC007C                          mov   sp, BOOT_LOAD
    16 00000067 FB                              sti
    17                                         
    18 00000068 8816[4801]                      mov   [BOOT.DRIVE], dl
    19                                          
    20 0000006C 68[3001]E8D80083C4-             cdecl puts, .s0   
    20 00000074 02                 
    21                                  
    22 00000075 6A016A0A6A0868-                 cdecl itoa, 8086, .s1, 8, 10, 0b0001 ; " 8086"
    22 0000007C [3D01]68961FE8E500-
    22 00000084 83C40A             
    23 00000087 68[3D01]E8BD0083C4-             cdecl  puts, .s1
    23 0000008F 02                 
    24                                  
    25 00000090 6A036A0A6A0868-                 cdecl itoa, 8086, .s1, 8, 10, 0b0011 ; "+ 8086"
    25 00000097 [3D01]68961FE8CA00-
    25 0000009F 83C40A             
    26 000000A2 68[3D01]E8A20083C4-             cdecl puts, .s1
    26 000000AA 02                 
    27                                  
    28 000000AB 6A016A0A6A0868-                 cdecl itoa, -8086, .s1, 8, 10, 0b0001 ; "- 8086"
    28 000000B2 [3D01]686AE0E8AF00-
    28 000000BA 83C40A             
    29 000000BD 68[3D01]E8870083C4-             cdecl puts, .s1
    29 000000C5 02                 
    30                                  
    31 000000C6 6A016A0A6A0868-                 cdecl itoa,  -1, .s1, 8, 10, 0b0001 ; "-   1"
    31 000000CD [3D01]6AFFE8950083-
    31 000000D5 C40A               
    32 000000D7 68[3D01]E86D0083C4-             cdecl puts, .s1
    32 000000DF 02                 
    33                                  
    34 000000E0 6A006A0A6A0868-                 cdecl itoa,  -1, .s1, 8, 10, 0b0000 ; "  65535"
    34 000000E7 [3D01]6AFFE87B0083-
    34 000000EF C40A               
    35 000000F1 68[3D01]E8530083C4-             cdecl puts, .s1
    35 000000F9 02                 
    36                                  
    37 000000FA 6A006A106A0868-                 cdecl itoa,  -1, .s1, 8, 16, 0b0000 ; "  FFFF"
    37 00000101 [3D01]6AFFE8610083-
    37 00000109 C40A               
    38 0000010B 68[3D01]E8390083C4-             cdecl puts, .s1
    38 00000113 02                 
    39                                  
    40 00000114 6A046A026A0868-                 cdecl itoa,   12, .s1, 8, 2, 0b0100 ; "0001100"
    40 0000011B [3D01]6A0CE8470083-
    40 00000123 C40A               
    41 00000125 68[3D01]E81F0083C4-             cdecl puts, .s1
    41 0000012D 02                 
    42                                  
    43                                  
    44                                          
    45                                  
    46                                  
    47 0000012E EBFE                            jmp   $           ; while(1);
    48                                          ;data
    49                                         
    50 00000130 426F6F74696E672E2E-     .s0     db "Booting...",  0x0A, 0x0D, 0
    50 00000139 2E0A0D00           
    51 0000013D 2D2D2D2D2D2D2D2D0A-     .s1     db "--------", 0x0A, 0x0D, 0
    51 00000146 0D00               
    52                                  
    53                                  ALIGN 2, db 0
    54                                  BOOT:
    55 00000148 0000                    .DRIVE:    dw 0
    56                                  
    57                                  %include "../modules/real/puts.s"
     1                              <1> 
     2                              <1> puts:
     3                              <1> 
     4 0000014A 55                  <1>       push   bp
     5 0000014B 89E5                <1>       mov    bp, sp
     6                              <1> 
     7 0000014D 50                  <1>       push   ax
     8 0000014E 53                  <1>       push   bx
     9 0000014F 56                  <1>       push   si
    10                              <1>       
    11 00000150 8B7604              <1>       mov    si, [bp + 4]
    12                              <1> 
    13 00000153 B40E                <1>       mov    ah, 0x0E
    14 00000155 BB0000              <1>       mov    bx, 0x0000
    15 00000158 FC                  <1>       cld
    16                              <1> .10L:
    17 00000159 AC                  <1>       lodsb
    18                              <1> 
    19 0000015A 3C00                <1>       cmp    al, 0
    20 0000015C 7404                <1>       je     .10E
    21                              <1> 
    22 0000015E CD10                <1>       int    0x10
    23 00000160 EBF7                <1>       jmp    .10L
    24                              <1> .10E:
    25                              <1> 
    26 00000162 5E                  <1>       pop    si
    27 00000163 5B                  <1>       pop    bx
    28 00000164 58                  <1>       pop    ax
    29                              <1> 
    30 00000165 89EC                <1>       mov    sp, bp    
    31 00000167 5D                  <1>       pop    bp
    32                              <1>       
    33 00000168 C3                  <1>       ret
    58                                  %include "../modules/real/itoa.s"
     1                              <1> itoa:
     2 00000169 55                  <1> 	push	bp
     3 0000016A 89E5                <1> 	mov	bp, sp
     4                              <1> 
     5 0000016C 50                  <1> 	push	ax
     6 0000016D 53                  <1> 	push	bx
     7 0000016E 51                  <1> 	push	cx
     8 0000016F 52                  <1> 	push	dx
     9 00000170 56                  <1> 	push	si
    10 00000171 57                  <1> 	push	di
    11                              <1> 
    12 00000172 8B4604              <1> 	mov	ax, [bp + 4]
    13 00000175 8B7606              <1> 	mov	si, [bp + 6]
    14 00000178 8B4E08              <1> 	mov	cx, [bp + 8]
    15                              <1> 
    16 0000017B 89F7                <1> 	mov	di, si
    17 0000017D 01CF                <1> 	add	di, cx
    18 0000017F 4F                  <1> 	dec	di
    19                              <1> 
    20 00000180 8B5E0C              <1> 	mov	bx, word [bp + 12]
    21                              <1> 
    22 00000183 F7C30100            <1> 	test	bx, 0b0001
    23 00000187 7408                <1> .10Q:	je	.10E
    24 00000189 83F800              <1> 	cmp	ax, 0
    25 0000018C 7D03                <1> .12Q:	jge	.12E
    26 0000018E 83CB02              <1> 	or	bx, 0b0010
    27                              <1> .12E:
    28                              <1> .10E:
    29                              <1> 
    30 00000191 F7C30200            <1> 	test	bx, 0b0010
    31 00000195 7410                <1> .20Q:	je	.20E
    32 00000197 83F800              <1> 	cmp	ax, 0
    33 0000019A 7D07                <1> .22Q:	jge	.22F
    34 0000019C F7D8                <1> 	neg	ax
    35 0000019E C6042D              <1> 	mov	[si], byte '-'
    36 000001A1 EB03                <1> 	jmp	.22E
    37                              <1> .22F:
    38                              <1> 
    39 000001A3 C6042B              <1> 	mov	[si], byte '+'
    40                              <1> .22E:
    41 000001A6 49                  <1> 	dec	cx
    42                              <1> .20E:
    43                              <1> 
    44 000001A7 8B5E0A              <1> 	mov	bx, [bp + 10]
    45                              <1> .30L:
    46                              <1> 
    47 000001AA BA0000              <1> 	mov	dx, 0
    48 000001AD F7F3                <1> 	div	bx
    49                              <1> 
    50                              <1> 
    51 000001AF 89D6                <1> 	mov	si, dx
    52 000001B1 8A94[D901]          <1> 	mov	dl, byte [.ascii + si]
    53                              <1> 
    54 000001B5 8815                <1> 	mov	[di], dl
    55 000001B7 4F                  <1> 	dec	di
    56                              <1> 
    57 000001B8 83F800              <1> 	cmp	ax, 0
    58 000001BB E0ED                <1> 	loopnz	.30L
    59                              <1> .30E:
    60                              <1> 
    61 000001BD 83F900              <1> 	cmp	cx, 0
    62 000001C0 740D                <1> .40Q:	je	.40E
    63 000001C2 B020                <1> 	mov	al, ' '
    64 000001C4 837E0C04            <1> 	cmp	[bp + 12], word 0b0100
    65 000001C8 7502                <1> .42Q:	jne	.42E
    66 000001CA B030                <1> 	mov	al, '0'
    67                              <1> .42E:
    68 000001CC FD                  <1> 	std
    69 000001CD F3AA                <1> 	rep stosb
    70                              <1> .40E:
    71                              <1> 
    72 000001CF 5F                  <1> 	pop	di
    73 000001D0 5E                  <1> 	pop	si
    74 000001D1 5A                  <1> 	pop	dx
    75 000001D2 59                  <1> 	pop	cx
    76 000001D3 5B                  <1> 	pop	bx
    77 000001D4 58                  <1> 	pop	ax
    78                              <1> 
    79 000001D5 89EC                <1> 	mov	sp, bp
    80 000001D7 5D                  <1> 	pop	bp
    81                              <1> 
    82 000001D8 C3                  <1> 	ret
    83                              <1> 
    84 000001D9 303132333435363738- <1> .ascii	db	"0123456789ABCDEF"
    84 000001E2 39414243444546      <1>
    59                                  
    60 000001E9 00<rep 15h>                     times   510 - ($ - $$) db 0x00
    61 000001FE 55AA                            db      0x55, 0xAA
    62                                         
    63                                         
    64                                   
