     1                                  
     2                                          BOOT_LOAD equ 0x7c00
     3                                          ORG    BOOT_LOAD
     4                                  %include "../include/macro.s"
     1                              <1> %macro cdecl 1-*.nolist
     2                              <1>     %rep  %0 - 1
     3                              <1>         push   %{-1:-1}
     4                              <1>         %rotate -1
     5                              <1>     %endrep
     6                              <1>     %rotate -1
     7                              <1>         call    %1
     8                              <1>     %if 1 < %0
     9                              <1>         add    sp,(__BITS__>>3)*(%0 - 1)
    10                              <1>     %endif
    11                              <1> %endmacro
    12                              <1> 
    13                              <1>     struc drive
    14 00000000 ????                <1>           .no     resw  1
    15 00000002 ????                <1>           .cyln   resw  1
    16 00000004 ????                <1>           .head   resw  1
    17 00000006 ????                <1>           .sect   resw  1
    18                              <1>     endstruc
    19                              <1> 
     5                                  entry: 
     6 00000000 EB58                            jmp   ipl          ;IPL jump
     7 00000002 90<rep 58h>                     times 90 - ($ - $$) db 0x90 ;
     8                                  
     9                                  ipl:    
    10 0000005A FA                              cli
    11 0000005B B80000                          mov   ax, 0x0000
    12 0000005E 8ED8                            mov   ds, ax
    13 00000060 8EC0                            mov   es, ax
    14 00000062 8ED0                            mov   ss, ax
    15 00000064 BC007C                          mov   sp, BOOT_LOAD
    16 00000067 FB                              sti
    17                                         
    18 00000068 8816[9200]                      mov   [BOOT.DRIVE], dl
    19                                          
    20 0000006C 68[7A00]E8220083C4-             cdecl puts, .s0   
    20 00000074 02                 
    21 00000075 E8BB00                          cdecl reboot
    22                                  
    23                                          
    24                                  
    25                                  
    26 00000078 EBFE                            jmp   $           ; while(1);
    27                                          ;data
    28                                         
    29 0000007A 426F6F74696E672E2E-     .s0     db "Booting...",  0x0A, 0x0D, 0
    29 00000083 2E0A0D00           
    30 00000087 2D2D2D2D2D2D2D2D0A-     .s1     db "--------", 0x0A, 0x0D, 0
    30 00000090 0D00               
    31                                  
    32                                  ALIGN 2, db 0
    33                                  BOOT:
    34 00000092 0000                    .DRIVE:    dw 0
    35                                  
    36                                  %include "../modules/real/puts.s"
     1                              <1> 
     2                              <1> puts:
     3                              <1> 
     4 00000094 55                  <1>       push   bp
     5 00000095 89E5                <1>       mov    bp, sp
     6                              <1> 
     7 00000097 50                  <1>       push   ax
     8 00000098 53                  <1>       push   bx
     9 00000099 56                  <1>       push   si
    10                              <1>       
    11 0000009A 8B7604              <1>       mov    si, [bp + 4]
    12                              <1> 
    13 0000009D B40E                <1>       mov    ah, 0x0E
    14 0000009F BB0000              <1>       mov    bx, 0x0000
    15 000000A2 FC                  <1>       cld
    16                              <1> .10L:
    17 000000A3 AC                  <1>       lodsb
    18                              <1> 
    19 000000A4 3C00                <1>       cmp    al, 0
    20 000000A6 7404                <1>       je     .10E
    21                              <1> 
    22 000000A8 CD10                <1>       int    0x10
    23 000000AA EBF7                <1>       jmp    .10L
    24                              <1> .10E:
    25                              <1> 
    26 000000AC 5E                  <1>       pop    si
    27 000000AD 5B                  <1>       pop    bx
    28 000000AE 58                  <1>       pop    ax
    29                              <1> 
    30 000000AF 89EC                <1>       mov    sp, bp    
    31 000000B1 5D                  <1>       pop    bp
    32                              <1>       
    33 000000B2 C3                  <1>       ret
    37                                  %include "../modules/real/itoa.s"
     1                              <1> itoa:
     2 000000B3 55                  <1> 	push	bp
     3 000000B4 89E5                <1> 	mov	bp, sp
     4                              <1> 
     5 000000B6 50                  <1> 	push	ax
     6 000000B7 53                  <1> 	push	bx
     7 000000B8 51                  <1> 	push	cx
     8 000000B9 52                  <1> 	push	dx
     9 000000BA 56                  <1> 	push	si
    10 000000BB 57                  <1> 	push	di
    11                              <1> 
    12 000000BC 8B4604              <1> 	mov	ax, [bp + 4]
    13 000000BF 8B7606              <1> 	mov	si, [bp + 6]
    14 000000C2 8B4E08              <1> 	mov	cx, [bp + 8]
    15                              <1> 
    16 000000C5 89F7                <1> 	mov	di, si
    17 000000C7 01CF                <1> 	add	di, cx
    18 000000C9 4F                  <1> 	dec	di
    19                              <1> 
    20 000000CA 8B5E0C              <1> 	mov	bx, word [bp + 12]
    21                              <1> 
    22 000000CD F7C30100            <1> 	test	bx, 0b0001
    23 000000D1 7408                <1> .10Q:	je	.10E
    24 000000D3 83F800              <1> 	cmp	ax, 0
    25 000000D6 7D03                <1> .12Q:	jge	.12E
    26 000000D8 83CB02              <1> 	or	bx, 0b0010
    27                              <1> .12E:
    28                              <1> .10E:
    29                              <1> 
    30 000000DB F7C30200            <1> 	test	bx, 0b0010
    31 000000DF 7410                <1> .20Q:	je	.20E
    32 000000E1 83F800              <1> 	cmp	ax, 0
    33 000000E4 7D07                <1> .22Q:	jge	.22F
    34 000000E6 F7D8                <1> 	neg	ax
    35 000000E8 C6042D              <1> 	mov	[si], byte '-'
    36 000000EB EB03                <1> 	jmp	.22E
    37                              <1> .22F:
    38                              <1> 
    39 000000ED C6042B              <1> 	mov	[si], byte '+'
    40                              <1> .22E:
    41 000000F0 49                  <1> 	dec	cx
    42                              <1> .20E:
    43                              <1> 
    44 000000F1 8B5E0A              <1> 	mov	bx, [bp + 10]
    45                              <1> .30L:
    46                              <1> 
    47 000000F4 BA0000              <1> 	mov	dx, 0
    48 000000F7 F7F3                <1> 	div	bx
    49                              <1> 
    50                              <1> 
    51 000000F9 89D6                <1> 	mov	si, dx
    52 000000FB 8A94[2301]          <1> 	mov	dl, byte [.ascii + si]
    53                              <1> 
    54 000000FF 8815                <1> 	mov	[di], dl
    55 00000101 4F                  <1> 	dec	di
    56                              <1> 
    57 00000102 83F800              <1> 	cmp	ax, 0
    58 00000105 E0ED                <1> 	loopnz	.30L
    59                              <1> .30E:
    60                              <1> 
    61 00000107 83F900              <1> 	cmp	cx, 0
    62 0000010A 740D                <1> .40Q:	je	.40E
    63 0000010C B020                <1> 	mov	al, ' '
    64 0000010E 837E0C04            <1> 	cmp	[bp + 12], word 0b0100
    65 00000112 7502                <1> .42Q:	jne	.42E
    66 00000114 B030                <1> 	mov	al, '0'
    67                              <1> .42E:
    68 00000116 FD                  <1> 	std
    69 00000117 F3AA                <1> 	rep stosb
    70                              <1> .40E:
    71                              <1> 
    72 00000119 5F                  <1> 	pop	di
    73 0000011A 5E                  <1> 	pop	si
    74 0000011B 5A                  <1> 	pop	dx
    75 0000011C 59                  <1> 	pop	cx
    76 0000011D 5B                  <1> 	pop	bx
    77 0000011E 58                  <1> 	pop	ax
    78                              <1> 
    79 0000011F 89EC                <1> 	mov	sp, bp
    80 00000121 5D                  <1> 	pop	bp
    81                              <1> 
    82 00000122 C3                  <1> 	ret
    83                              <1> 
    84 00000123 303132333435363738- <1> .ascii	db	"0123456789ABCDEF"
    84 0000012C 39414243444546      <1>
    38                                  %include "../modules/real/reboot.s"
     1                              <1> reboot:
     2 00000133 68[4F01]E85BFF83C4- <1>        cdecl puts,  .s0
     2 0000013B 02                  <1>
     3                              <1> 
     4                              <1> .10L: 
     5 0000013C B410                <1>      mov     ah, 0x10
     6 0000013E CD16                <1>      int     0x16
     7                              <1> 
     8 00000140 3C20                <1>      cmp     al, ' '
     9 00000142 75F8                <1>      jne     .10L
    10                              <1> 
    11 00000144 68[6D01]E84AFF83C4- <1>      cdecl   puts, .s1
    11 0000014C 02                  <1>
    12                              <1> 
    13 0000014D CD19                <1>      int     0x19
    14                              <1> 
    15 0000014F 0A0D50757368205350- <1> .s0  db 0x0A, 0x0D, "Push SPACE ket to reboot...", 0
    15 00000158 414345206B65742074- <1>
    15 00000161 6F207265626F6F742E- <1>
    15 0000016A 2E2E00              <1>
    16 0000016D 0A0D0A0D00          <1> .s1  db 0x0A, 0x0D, 0x0A, 0x0d, 0
    39                                  
    40 00000172 00<rep 8Ch>                     times   510 - ($ - $$) db 0x00
    41 000001FE 55AA                            db      0x55, 0xAA
    42                                         
    43                                         
    44                                   
