     1                                  %include "../include/define.s"
     1                              <1> BOOT_LOAD    equ   0x7C00
     2                              <1> 
     3                              <1> BOOT_SIZE    equ   (1024* 8)
     4                              <1> SECT_SIZE    equ   (512)
     5                              <1> BOOT_SECT    equ   (BOOT_SIZE/SECT_SIZE)
     6                              <1> 
     7                              <1> 
     8                              <1> ;p.439
     9                              <1> E820_RECORD_SIZE   equ   20
    10                              <1> 
    11                              <1> ;p458
    12                              <1> KERNEL_LOAD  equ   0x0010_1000
    13                              <1> 
    14                              <1> KERNEL_SIZE  equ   (1024* 8)
    15                              <1> 
    16                              <1> BOOT_END     equ   (BOOT_LOAD + BOOT_SIZE)
    17                              <1> 
    18                              <1> BOOT_SECT    equ   (BOOT_SIZE/SECT_SIZE)
    19                              <1> KERNEL_SECT  equ   (KERNEL_SIZE/SECT_SIZE)
     2                                  %include "../include/macro.s"
     1                              <1> %macro cdecl 1-*.nolist
     2                              <1>     %rep  %0 - 1
     3                              <1>         push   %{-1:-1}
     4                              <1>         %rotate -1
     5                              <1>     %endrep
     6                              <1>     %rotate -1
     7                              <1>         call    %1
     8                              <1>     %if 1 < %0
     9                              <1>         add    sp,(__BITS__>>3)*(%0 - 1)
    10                              <1>     %endif
    11                              <1> %endmacro
    12                              <1> 
    13                              <1>     struc drive
    14 00000000 ????                <1>           .no     resw  1
    15 00000002 ????                <1>           .cyln   resw  1
    16 00000004 ????                <1>           .head   resw  1
    17 00000006 ????                <1>           .sect   resw  1
    18                              <1>     endstruc
    19                              <1> 
     3                                  
     4                                      ORG KERNEL_LOAD
     5                                  
     6                                      
     7                                  [BITS 32]
     8                                  
     9                                  kernel: 
    10 00000000 EBFE                           jmp   $
    11                                  
    12 00000002 00<rep 1FFEh>                  times  KERNEL_SIZE - ($ - $$) db 0
