     1                                  %include "../include/define.s"
     1                              <1> BOOT_LOAD    equ   0x7C00
     2                              <1> 
     3                              <1> BOOT_SIZE    equ   (1024* 8)
     4                              <1> SECT_SIZE    equ   (512)
     5                              <1> BOOT_SECT    equ   (BOOT_SIZE/SECT_SIZE)
     6                              <1> 
     7                              <1> 
     8                              <1> ;p.439
     9                              <1> ;E820_RECORD_SIZE   equ   20
     2                                  %include "../include/macro.s"
     1                              <1> %macro cdecl 1-*.nolist
     2                              <1>     %rep  %0 - 1
     3                              <1>         push   %{-1:-1}
     4                              <1>         %rotate -1
     5                              <1>     %endrep
     6                              <1>     %rotate -1
     7                              <1>         call    %1
     8                              <1>     %if 1 < %0
     9                              <1>         add    sp,(__BITS__>>3)*(%0 - 1)
    10                              <1>     %endif
    11                              <1> %endmacro
    12                              <1> 
    13                              <1>     struc drive
    14 00000000 ????                <1>           .no     resw  1
    15 00000002 ????                <1>           .cyln   resw  1
    16 00000004 ????                <1>           .head   resw  1
    17 00000006 ????                <1>           .sect   resw  1
    18                              <1>     endstruc
    19                              <1> 
     3                                  
     4                                  
     5                                       
     6                                          ORG    BOOT_LOAD
     7                                  
     8                                  entry: 
     9 00000000 EB58                            jmp   ipl          ;IPL jump
    10 00000002 90<rep 58h>                     times 90 - ($ - $$) db 0x90 ;
    11                                  
    12                                  ipl:    
    13 0000005A FA                              cli
    14 0000005B B80000                          mov   ax, 0x0000
    15 0000005E 8ED8                            mov   ds, ax
    16 00000060 8EC0                            mov   es, ax
    17 00000062 8ED0                            mov   ss, ax
    18 00000064 BC007C                          mov   sp, BOOT_LOAD
    19 00000067 FB                              sti
    20                                         
    21 00000068 8816[BA00]                      mov   [BOOT + drive.no], dl
    22                                          
    23 0000006C 68[9900]E8500083C4-             cdecl puts, .s0   
    23 00000074 02                 
    24                                          
    25                                          ;--------------------------------------------------------
    26 00000075 BB0F00                          mov   bx, BOOT_SECT - 1
    27 00000078 B9007E                          mov   cx, BOOT_LOAD + SECT_SIZE
    28                                  
    29 0000007B 515368[BA00]E89D00-             cdecl read_chs, BOOT, bx, cx
    29 00000083 83C406             
    30 00000086 39D8                            cmp   ax, bx 
    31 00000088 740C                    .10Q:   jz   .10E
    32 0000008A 68[A600]E8320083C4-     .10T:   cdecl puts, .e0
    32 00000092 02                 
    33 00000093 E84B00                          call  reboot
    34                                  .10E:   
    35                                          ;move to next stage
    36 00000096 E92802                          jmp    stage_2
    37                                          ;data
    38                                         
    39 00000099 426F6F74696E672E2E-     .s0     db "Booting...",  0x0A, 0x0D, 0
    39 000000A2 2E0A0D00           
    40 000000A6 4572726F723A207365-     .e0     db "Error: sector read", 0
    40 000000AF 63746F722072656164-
    40 000000B8 00                 
    41                                  
    42 000000B9 00                      ALIGN 2, db 0
    43                                  BOOT: 
    44                                             istruc  drive  
    45 000000BA 0000                                    at drive.no,    dw  0
    46 000000BC 0000                                    at drive.cyln,  dw  0
    47 000000BE 0000                                    at drive.head,  dw  0
    48 000000C0 0200                                    at drive.sect,  dw  2
    49                                             iend
    50                                  
    51                                  
    52                                  
    53                                  %include "../modules/real/puts.s"
     1                              <1> 
     2                              <1> puts:
     3                              <1> 
     4 000000C2 55                  <1>       push   bp
     5 000000C3 89E5                <1>       mov    bp, sp
     6                              <1> 
     7 000000C5 50                  <1>       push   ax
     8 000000C6 53                  <1>       push   bx
     9 000000C7 56                  <1>       push   si
    10                              <1>       
    11 000000C8 8B7604              <1>       mov    si, [bp + 4]
    12                              <1> 
    13 000000CB B40E                <1>       mov    ah, 0x0E
    14 000000CD BB0000              <1>       mov    bx, 0x0000
    15 000000D0 FC                  <1>       cld
    16                              <1> .10L:
    17 000000D1 AC                  <1>       lodsb
    18                              <1> 
    19 000000D2 3C00                <1>       cmp    al, 0
    20 000000D4 7404                <1>       je     .10E
    21                              <1> 
    22 000000D6 CD10                <1>       int    0x10
    23 000000D8 EBF7                <1>       jmp    .10L
    24                              <1> .10E:
    25                              <1> 
    26 000000DA 5E                  <1>       pop    si
    27 000000DB 5B                  <1>       pop    bx
    28 000000DC 58                  <1>       pop    ax
    29                              <1> 
    30 000000DD 89EC                <1>       mov    sp, bp    
    31 000000DF 5D                  <1>       pop    bp
    32                              <1>       
    33 000000E0 C3                  <1>       ret
    54                                  %include "../modules/real/reboot.s"
     1                              <1> reboot:
     2 000000E1 68[FD00]E8DBFF83C4- <1>        cdecl puts,  .s0
     2 000000E9 02                  <1>
     3                              <1> 
     4                              <1> .10L: 
     5 000000EA B410                <1>      mov     ah, 0x10
     6 000000EC CD16                <1>      int     0x16
     7                              <1> 
     8 000000EE 3C20                <1>      cmp     al, ' '
     9 000000F0 75F8                <1>      jne     .10L
    10                              <1> 
    11 000000F2 68[1B01]E8CAFF83C4- <1>      cdecl   puts, .s1
    11 000000FA 02                  <1>
    12                              <1> 
    13 000000FB CD19                <1>      int     0x19
    14                              <1> 
    15 000000FD 0A0D50757368205350- <1> .s0  db 0x0A, 0x0D, "Push SPACE ket to reboot...", 0
    15 00000106 414345206B65742074- <1>
    15 0000010F 6F207265626F6F742E- <1>
    15 00000118 2E2E00              <1>
    16 0000011B 0A0D0A0D00          <1> .s1  db 0x0A, 0x0D, 0x0A, 0x0d, 0
    55                                  %include "../modules/real/read_chs.s"
     1                              <1> read_chs:
     2 00000120 55                  <1>             push  bp
     3 00000121 89E5                <1>             mov   bp, sp
     4 00000123 6A03                <1>             push  3
     5 00000125 6A00                <1>             push  0
     6                              <1> 
     7 00000127 53                  <1>             push  bx
     8 00000128 51                  <1>             push  cx
     9 00000129 52                  <1>             push  dx
    10 0000012A 06                  <1>             push  es
    11 0000012B 56                  <1>             push  si
    12                              <1>             ;start process
    13 0000012C 8B7604              <1>             mov   si, [bp + 4]
    14                              <1> 
    15 0000012F 8A6C02              <1>             mov   ch, [si + drive.cyln + 0]
    16 00000132 8A4C03              <1>             mov   cl, [si + drive.cyln + 1]
    17 00000135 C0E106              <1>             shl   cl, 6
    18 00000138 0A4C06              <1>             or    cl, [si + drive.sect]
    19                              <1> 
    20                              <1>             
    21                              <1>             ;read sector
    22 0000013B 8A7404              <1>             mov   dh, [si + drive.head]
    23 0000013E 8A14                <1>             mov   dl, [si + 0]
    24 00000140 B80000              <1>             mov   ax, 0x0000
    25 00000143 8EC0                <1>             mov   es, ax
    26 00000145 8B5E08              <1>             mov   bx, [bp + 8]
    27                              <1> 
    28                              <1> 
    29                              <1> 
    30                              <1> 
    31                              <1>            
    32                              <1> .10L: 
    33 00000148 B402                <1>       mov   ah, 0x02
    34 0000014A 8A4606              <1>       mov   al,  [bp + 6]
    35                              <1> 
    36 0000014D CD13                <1>       int   0x13
    37 0000014F 7304                <1>       jnc   .11E
    38                              <1> 
    39 00000151 B000                <1>       mov   al, 0
    40 00000153 EB0C                <1>       jmp   .10E
    41                              <1> 
    42                              <1> 
    43                              <1> .11E:
    44 00000155 3C00                <1>      cmp   al, 0
    45 00000157 7508                <1>      jne   .10E
    46                              <1> 
    47                              <1> ;     mov   ax, 0
    48                              <1> ;     jne   .10E
    49                              <1> 
    50 00000159 B80000              <1>      mov   ax, 0
    51 0000015C FF4EFE              <1>      dec   word [bp -2]
    52 0000015F 75E7                <1>      jnz   .10L
    53                              <1> .10E:
    54                              <1> 
    55 00000161 B400                <1>       mov   ah,0
    56 00000163 5E                  <1>       pop   si
    57 00000164 07                  <1>       pop   es
    58 00000165 5A                  <1>       pop   dx
    59 00000166 59                  <1>       pop   cx
    60 00000167 5B                  <1>       pop   bx
    61                              <1> 
    62 00000168 89EC                <1>       mov   sp, bp
    63 0000016A 5D                  <1>       pop   bp
    64                              <1> 
    65 0000016B C3                  <1>       ret
    66                              <1> 
    67                              <1> 
    68                              <1> 
    56                                  
    57 0000016C 00<rep 92h>                     times   510 - ($ - $$) db 0x00
    58 000001FE 55AA                            db      0x55, 0xAA
    59                                  
    60                                  
    61                                  
    62                                  
    63                                  
    64                                  
    65                                  
    66                                  
    67                                  
    68                                  
    69                                  %include "../modules/real/itoa.s"
     1                              <1> itoa:
     2 00000200 55                  <1> 	push	bp
     3 00000201 89E5                <1> 	mov	bp, sp
     4                              <1> 
     5 00000203 50                  <1> 	push	ax
     6 00000204 53                  <1> 	push	bx
     7 00000205 51                  <1> 	push	cx
     8 00000206 52                  <1> 	push	dx
     9 00000207 56                  <1> 	push	si
    10 00000208 57                  <1> 	push	di
    11                              <1> 
    12 00000209 8B4604              <1> 	mov	ax, [bp + 4]
    13 0000020C 8B7606              <1> 	mov	si, [bp + 6]
    14 0000020F 8B4E08              <1> 	mov	cx, [bp + 8]
    15                              <1> 
    16 00000212 89F7                <1> 	mov	di, si
    17 00000214 01CF                <1> 	add	di, cx
    18 00000216 4F                  <1> 	dec	di
    19                              <1> 
    20 00000217 8B5E0C              <1> 	mov	bx, word [bp + 12]
    21                              <1> 
    22 0000021A F7C30100            <1> 	test	bx, 0b0001
    23 0000021E 7408                <1> .10Q:	je	.10E
    24 00000220 83F800              <1> 	cmp	ax, 0
    25 00000223 7D03                <1> .12Q:	jge	.12E
    26 00000225 83CB02              <1> 	or	bx, 0b0010
    27                              <1> .12E:
    28                              <1> .10E:
    29                              <1> 
    30 00000228 F7C30200            <1> 	test	bx, 0b0010
    31 0000022C 7410                <1> .20Q:	je	.20E
    32 0000022E 83F800              <1> 	cmp	ax, 0
    33 00000231 7D07                <1> .22Q:	jge	.22F
    34 00000233 F7D8                <1> 	neg	ax
    35 00000235 C6042D              <1> 	mov	[si], byte '-'
    36 00000238 EB03                <1> 	jmp	.22E
    37                              <1> .22F:
    38                              <1> 
    39 0000023A C6042B              <1> 	mov	[si], byte '+'
    40                              <1> .22E:
    41 0000023D 49                  <1> 	dec	cx
    42                              <1> .20E:
    43                              <1> 
    44 0000023E 8B5E0A              <1> 	mov	bx, [bp + 10]
    45                              <1> .30L:
    46                              <1> 
    47 00000241 BA0000              <1> 	mov	dx, 0
    48 00000244 F7F3                <1> 	div	bx
    49                              <1> 
    50                              <1> 
    51 00000246 89D6                <1> 	mov	si, dx
    52 00000248 8A94[7002]          <1> 	mov	dl, byte [.ascii + si]
    53                              <1> 
    54 0000024C 8815                <1> 	mov	[di], dl
    55 0000024E 4F                  <1> 	dec	di
    56                              <1> 
    57 0000024F 83F800              <1> 	cmp	ax, 0
    58 00000252 E0ED                <1> 	loopnz	.30L
    59                              <1> .30E:
    60                              <1> 
    61 00000254 83F900              <1> 	cmp	cx, 0
    62 00000257 740D                <1> .40Q:	je	.40E
    63 00000259 B020                <1> 	mov	al, ' '
    64 0000025B 837E0C04            <1> 	cmp	[bp + 12], word 0b0100
    65 0000025F 7502                <1> .42Q:	jne	.42E
    66 00000261 B030                <1> 	mov	al, '0'
    67                              <1> .42E:
    68 00000263 FD                  <1> 	std
    69 00000264 F3AA                <1> 	rep stosb
    70                              <1> .40E:
    71                              <1> 
    72 00000266 5F                  <1> 	pop	di
    73 00000267 5E                  <1> 	pop	si
    74 00000268 5A                  <1> 	pop	dx
    75 00000269 59                  <1> 	pop	cx
    76 0000026A 5B                  <1> 	pop	bx
    77 0000026B 58                  <1> 	pop	ax
    78                              <1> 
    79 0000026C 89EC                <1> 	mov	sp, bp
    80 0000026E 5D                  <1> 	pop	bp
    81                              <1> 
    82 0000026F C3                  <1> 	ret
    83                              <1> 
    84 00000270 303132333435363738- <1> .ascii	db	"0123456789ABCDEF"
    84 00000279 39414243444546      <1>
    70                                  %include "../modules/real/get_drive_param.s"
     1                              <1> get_drive_param:
     2 00000280 55                  <1>             push  bp
     3 00000281 89E5                <1>             mov   bp, sp
     4                              <1> 
     5 00000283 53                  <1>             push  bx
     6 00000284 51                  <1>             push  cx
     7 00000285 06                  <1>             push  es
     8 00000286 56                  <1>             push  si
     9 00000287 57                  <1>             push  di
    10                              <1>             ;start process
    11 00000288 8B7604              <1>             mov   si,  [bp + 4]
    12                              <1> 
    13 0000028B B80000              <1>             mov   ax, 0
    14 0000028E 8EC0                <1>             mov   es, ax
    15 00000290 89C7                <1>             mov   di, ax
    16                              <1> 
    17 00000292 B408                <1>             mov   ah, 0x08
    18 00000294 8A14                <1>             mov    dl, [si + drive.no]
    19 00000296 CD13                <1>             int   0x13
    20 00000298 721B                <1> .10Q:       jc    .10F
    21                              <1> .10T:       
    22 0000029A 88C8                <1>             mov   al, cl
    23 0000029C 83E03F              <1>             and   ax, 0x3F
    24                              <1> 
    25 0000029F C0E906              <1>             shr   cl, 6
    26 000002A2 C1C908              <1>             ror   cx, 8
    27 000002A5 41                  <1>             inc   cx
    28                              <1> 
    29 000002A6 0FB6DE              <1>             movzx  bx, dh
    30 000002A9 43                  <1>             inc    bx
    31                              <1> 
    32                              <1> 
    33                              <1>             
    34 000002AA 894C02              <1>             mov   [si + drive.cyln], cx
    35 000002AD 895C04              <1>             mov   [si + drive.head], bx
    36 000002B0 894406              <1>             mov   [si + drive.sect], ax
    37                              <1> 
    38 000002B3 EB03                <1>             jmp   .10E
    39                              <1> .10F:  
    40 000002B5 B80000              <1>             mov    ax, 0
    41                              <1> 
    42                              <1> .10E:  
    43                              <1>   
    44                              <1>      
    45                              <1> 
    46                              <1>   
    47 000002B8 5F                  <1>       pop   di
    48 000002B9 5E                  <1>       pop   si
    49 000002BA 07                  <1>       pop   es
    50 000002BB 59                  <1>       pop   cx
    51 000002BC 5B                  <1>       pop   bx
    52                              <1> 
    53 000002BD 89EC                <1>       mov   sp, bp
    54 000002BF 5D                  <1>       pop   bp
    55                              <1> 
    56 000002C0 C3                  <1>       ret
    57                              <1> 
    58                              <1> 
    59                              <1> 
    71                                  
    72                                  
    73                                  
    74                                  ;********************************
    75                                  ;Second stage of boot process
    76                                  ;********************************
    77                                  stage_2: 
    78 000002C1 68[3B03]E8FBFD83C4-             cdecl   puts, .s0
    78 000002C9 02                 
    79                                  
    80 000002CA 68[BA00]E8B0FF83C4-             cdecl   get_drive_param, BOOT
    80 000002D2 02                 
    81 000002D3 83F800                          cmp     ax, 0
    82                                  
    83 000002D6 750C                    .10Q:   jne    .10E
    84 000002D8 68[6C03]E8E4FD83C4-     .10T:   cdecl   puts, .e0
    84 000002E0 02                 
    85 000002E1 E8FDFD                          call    reboot
    86                                  .10E:    
    87 000002E4 A1[BA00]                        mov   ax, [BOOT + drive.no]
    88 000002E7 6A046A106A0268-                 cdecl  itoa, ax, .p1, 2, 16, 0b0100
    88 000002EE [5203]50E80CFF83C4-
    88 000002F6 0A                 
    89 000002F7 A1[BC00]                        mov   ax, [BOOT + drive.cyln]
    90 000002FA 6A046A106A0468-                 cdecl itoa, ax, .p2, 4, 16, 0b0100
    90 00000301 [5903]50E8F9FE83C4-
    90 00000309 0A                 
    91 0000030A A1[BE00]                        mov   ax, [BOOT + drive.head]
    92 0000030D 6A046A106A0268-                 cdecl itoa, ax, .p3, 2, 16, 0b0100
    92 00000314 [6103]50E8E6FE83C4-
    92 0000031C 0A                 
    93 0000031D A1[C000]                        mov   ax, [BOOT + drive.sect]
    94 00000320 6A046A106A0268-                 cdecl  itoa, ax, .p4, 2, 16, 0b0100
    94 00000327 [6803]50E8D3FE83C4-
    94 0000032F 0A                 
    95 00000330 68[4A03]E88CFD83C4-             cdecl  puts, .s1
    95 00000338 02                 
    96                                          ;-------------
    97                                  
    98 00000339 EBFE                            jmp  $
    99                                          ;-------------
   100                                  
   101 0000033B 326E64207374616765-     .s0     db "2nd stage...", 0x0A, 0x0D, 0
   101 00000344 2E2E2E0A0D00       
   102                                  
   103 0000034A 44726976653A3078        .s1     db "Drive:0x"
   104 00000352 202C20433A3078          .p1     db " , C:0x"
   105 00000359 2020202C483A3078        .p2     db "   ,H:0x"
   106 00000361 202C20533A3078          .p3     db " , S:0x"
   107 00000368 200A0D00                .p4     db " ", 0x0A, 0x0D, 0
   108                                  
   109 0000036C 43616E277420676574-     .e0     db "Can't get  drive parameter .", 0
   109 00000375 202064726976652070-
   109 0000037E 6172616D6574657220-
   109 00000387 2E00               
   110                                  
   111                                  
   112                                  
   113                                  ;padding(the file is 8k bytes)
   114                                  
   115 00000389 00<rep 1C77h>                   times (1024 * 8) -($ - $$) db 0 
   116                                         
   117                                  
   118                                  
   119                                         
   120                                   
