     1                                  
     2                                          BOOT_LOAD equ 0x7c00
     3                                          ORG    BOOT_LOAD
     4                                  %include "../include/macro.s"
     1                              <1> %macro cdecl 1-*.nolist
     2                              <1>     %rep  %0 - 1
     3                              <1>         push   %{-1:-1}
     4                              <1>         %rotate -1
     5                              <1>     %endrep
     6                              <1>     %rotate -1
     7                              <1>         call    %1
     8                              <1>     %if 1 < %0
     9                              <1>         add    sp,(__BITS__>>3)*(%0 - 1)
    10                              <1>     %endif
    11                              <1> 
    12                              <1>     
    13                              <1> 
    14                              <1> %endmacro
    15                              <1> 
     5                                  entry: 
     6 00000000 EB58                            jmp   ipl          ;IPL jump
     7 00000002 90<rep 58h>                     times 90 - ($ - $$) db 0x90 ;
     8                                  
     9                                  ipl:    
    10 0000005A FA                              cli
    11 0000005B B80000                          mov   ax, 0x0000
    12 0000005E 8ED8                            mov   ds, ax
    13 00000060 8EC0                            mov   es, ax
    14 00000062 8ED0                            mov   ss, ax
    15 00000064 BC007C                          mov   sp, BOOT_LOAD
    16 00000067 FB                              sti
    17                                         
    18 00000068 8816[8400]                      mov   [BOOT.DRIVE], dl
    19                                          
    20 0000006C 68[7700]E8140083C4-             cdecl puts, .s0   
    20 00000074 02                 
    21                                          
    22                                  
    23                                  
    24 00000075 EBFE                            jmp   $           ; while(1);
    25                                          ;data
    26                                         
    27 00000077 426F6F74696E672E2E-     .s0     db "Booting...",  0x0A, 0x0D, 0
    27 00000080 2E0A0D00           
    28                                  
    29                                  ALIGN 2, db 0
    30                                  BOOT:
    31 00000084 0000                    .DRIVE: dw 0
    32                                  
    33                                  %include "../modules/real/puts.s"
     1                              <1> 
     2                              <1> puts:
     3                              <1> 
     4 00000086 55                  <1>       push   bp
     5 00000087 89E5                <1>       mov    bp, sp
     6                              <1> 
     7 00000089 50                  <1>       push   ax
     8 0000008A 53                  <1>       push   bx
     9 0000008B 56                  <1>       push   si
    10                              <1>       
    11 0000008C 8B7604              <1>       mov    si, [bp + 4]
    12                              <1> 
    13 0000008F B40E                <1>       mov    ah, 0x0E
    14 00000091 BB0000              <1>       mov    bx, 0x0000
    15 00000094 FC                  <1>       cld
    16                              <1> .10L:
    17 00000095 AC                  <1>       lodsb
    18                              <1> 
    19 00000096 3C00                <1>       cmp    al, 0
    20 00000098 7404                <1>       je     .10E
    21                              <1> 
    22 0000009A CD10                <1>       int    0x10
    23 0000009C EBF7                <1>       jmp    .10L
    24                              <1> .10E:
    25                              <1> 
    26 0000009E 5E                  <1>       pop    si
    27 0000009F 5B                  <1>       pop    bx
    28 000000A0 58                  <1>       pop    ax
    29                              <1> 
    30 000000A1 89EC                <1>       mov    sp, bp    
    31 000000A3 5D                  <1>       pop    bp
    32                              <1>       
    33 000000A4 C3                  <1>       ret
    34                                  
    35 000000A5 00<rep 159h>                    times   510 - ($ - $$) db 0x00
    36 000001FE 55AA                            db      0x55, 0xAA
    37                                         
    38                                         
    39                                   
