     1                                          BOOT_LOAD equ 0x7c00
     2                                          ORG    BOOT_LOAD
     3                                  entry: 
     4 00000000 EB58                            jmp   ipl          ;IPL jump
     5 00000002 90<rep 58h>                     times 90 - ($ - $$) db 0x90 ;
     6                                  
     7                                  ipl:    
     8 0000005A FA                              cli
     9 0000005B B80000                          mov   ax, 0x0000
    10 0000005E 8ED8                            mov   ds, ax
    11 00000060 8EC0                            mov   es, ax
    12 00000062 8ED0                            mov   ss, ax
    13 00000064 BC007C                          mov   sp, BOOT_LOAD
    14 00000067 FB                              sti
    15 00000068 8816[6E00]                      mov   [BOOT.DRIVE], dl
    16                                  
    17 0000006C EBFE                            jmp   $           ; while(1);
    18                                  
    19                                  ALIGN 2, db 0
    20                                  BOOT:
    21 0000006E 0000                    .DRIVE: dw 0
    22                                  
    23 00000070 00<rep 18Eh>                    times   510 - ($ - $$) db 0x00
    24 000001FE 55AA                            db      0x55, 0xAA
    25                                         
    26                                         
    27                                   
