     1                                  %include "../include/define.s"
     1                              <1> BOOT_LOAD    equ   0x7C00
     2                              <1> 
     3                              <1> BOOT_SIZE    equ   (1024* 8)
     4                              <1> SECT_SIZE    equ   (512)
     5                              <1> BOOT_SECT    equ   (BOOT_SIZE/SECT_SIZE)
     6                              <1> 
     7                              <1> 
     8                              <1> ;p.439
     9                              <1> ;E820_RECORD_SIZE   equ   20
     2                                  %include "../include/macro.s"
     1                              <1> %macro cdecl 1-*.nolist
     2                              <1>     %rep  %0 - 1
     3                              <1>         push   %{-1:-1}
     4                              <1>         %rotate -1
     5                              <1>     %endrep
     6                              <1>     %rotate -1
     7                              <1>         call    %1
     8                              <1>     %if 1 < %0
     9                              <1>         add    sp,(__BITS__>>3)*(%0 - 1)
    10                              <1>     %endif
    11                              <1> %endmacro
    12                              <1> 
    13                              <1>     struc drive
    14 00000000 ????                <1>           .no     resw  1
    15 00000002 ????                <1>           .cyln   resw  1
    16 00000004 ????                <1>           .head   resw  1
    17 00000006 ????                <1>           .sect   resw  1
    18                              <1>     endstruc
    19                              <1> 
     3                                  
     4                                  
     5                                       
     6                                          ORG    BOOT_LOAD
     7                                  
     8                                  entry: 
     9 00000000 EB58                            jmp   ipl          ;IPL jump
    10 00000002 90<rep 58h>                     times 90 - ($ - $$) db 0x90 ;
    11                                  
    12                                  ipl:    
    13 0000005A FA                              cli
    14 0000005B B80000                          mov   ax, 0x0000
    15 0000005E 8ED8                            mov   ds, ax
    16 00000060 8EC0                            mov   es, ax
    17 00000062 8ED0                            mov   ss, ax
    18 00000064 BC007C                          mov   sp, BOOT_LOAD
    19 00000067 FB                              sti
    20                                         
    21 00000068 8816[BA00]                      mov   [BOOT + drive.no], dl
    22                                          
    23 0000006C 68[9900]E8500083C4-             cdecl puts, .s0   
    23 00000074 02                 
    24                                          
    25                                          ;--------------------------------------------------------
    26 00000075 BB0F00                          mov   bx, BOOT_SECT - 1
    27 00000078 B9007E                          mov   cx, BOOT_LOAD + SECT_SIZE
    28                                  
    29 0000007B 515368[BA00]E89D00-             cdecl read_chs, BOOT, bx, cx
    29 00000083 83C406             
    30 00000086 39D8                            cmp   ax, bx 
    31 00000088 740C                    .10Q:   jz   .10E
    32 0000008A 68[A600]E8320083C4-     .10T:   cdecl puts, .e0
    32 00000092 02                 
    33 00000093 E84B00                          call  reboot
    34                                  .10E:   
    35                                          ;move to next stage
    36 00000096 E96701                          jmp    stage_2
    37                                          ;data
    38                                         
    39 00000099 426F6F74696E672E2E-     .s0     db "Booting...",  0x0A, 0x0D, 0
    39 000000A2 2E0A0D00           
    40 000000A6 4572726F723A207365-     .e0     db "Error: sector read", 0
    40 000000AF 63746F722072656164-
    40 000000B8 00                 
    41                                  
    42 000000B9 00                      ALIGN 2, db 0
    43                                  BOOT: 
    44                                          istruc  drive  
    45 000000BA 0000                                at drive.no,    dw  0
    46 000000BC 0000                                at drive.cyln,  dw  0
    47 000000BE 0000                                at drive.head,  dw  0
    48 000000C0 0200                                at drive.sect,  dw  2
    49                                          iend
    50                                  
    51                                  
    52                                  
    53                                  %include "../modules/real/puts.s"
     1                              <1> 
     2                              <1> puts:
     3                              <1> 
     4 000000C2 55                  <1>       push   bp
     5 000000C3 89E5                <1>       mov    bp, sp
     6                              <1> 
     7 000000C5 50                  <1>       push   ax
     8 000000C6 53                  <1>       push   bx
     9 000000C7 56                  <1>       push   si
    10                              <1>       
    11 000000C8 8B7604              <1>       mov    si, [bp + 4]
    12                              <1> 
    13 000000CB B40E                <1>       mov    ah, 0x0E
    14 000000CD BB0000              <1>       mov    bx, 0x0000
    15 000000D0 FC                  <1>       cld
    16                              <1> .10L:
    17 000000D1 AC                  <1>       lodsb
    18                              <1> 
    19 000000D2 3C00                <1>       cmp    al, 0
    20 000000D4 7404                <1>       je     .10E
    21                              <1> 
    22 000000D6 CD10                <1>       int    0x10
    23 000000D8 EBF7                <1>       jmp    .10L
    24                              <1> .10E:
    25                              <1> 
    26 000000DA 5E                  <1>       pop    si
    27 000000DB 5B                  <1>       pop    bx
    28 000000DC 58                  <1>       pop    ax
    29                              <1> 
    30 000000DD 89EC                <1>       mov    sp, bp    
    31 000000DF 5D                  <1>       pop    bp
    32                              <1>       
    33 000000E0 C3                  <1>       ret
    54                                  %include "../modules/real/reboot.s"
     1                              <1> reboot:
     2 000000E1 68[FD00]E8DBFF83C4- <1>        cdecl puts,  .s0
     2 000000E9 02                  <1>
     3                              <1> 
     4                              <1> .10L: 
     5 000000EA B410                <1>      mov     ah, 0x10
     6 000000EC CD16                <1>      int     0x16
     7                              <1> 
     8 000000EE 3C20                <1>      cmp     al, ' '
     9 000000F0 75F8                <1>      jne     .10L
    10                              <1> 
    11 000000F2 68[1B01]E8CAFF83C4- <1>      cdecl   puts, .s1
    11 000000FA 02                  <1>
    12                              <1> 
    13 000000FB CD19                <1>      int     0x19
    14                              <1> 
    15 000000FD 0A0D50757368205350- <1> .s0  db 0x0A, 0x0D, "Push SPACE ket to reboot...", 0
    15 00000106 414345206B65742074- <1>
    15 0000010F 6F207265626F6F742E- <1>
    15 00000118 2E2E00              <1>
    16 0000011B 0A0D0A0D00          <1> .s1  db 0x0A, 0x0D, 0x0A, 0x0d, 0
    55                                  %include "../modules/real/read_chs.s"
     1                              <1> read_chs:
     2 00000120 55                  <1>             push  bp
     3 00000121 89E5                <1>             mov   bp, sp
     4 00000123 6A03                <1>             push  3
     5 00000125 6A00                <1>             push  0
     6                              <1> 
     7 00000127 53                  <1>             push  bx
     8 00000128 51                  <1>             push  cx
     9 00000129 52                  <1>             push  dx
    10 0000012A 06                  <1>             push  es
    11 0000012B 56                  <1>             push  si
    12                              <1>             ;start process
    13 0000012C 8B7604              <1>             mov   si, [bp + 4]
    14                              <1> 
    15 0000012F 8A6C02              <1>             mov   ch, [si + drive.cyln + 0]
    16 00000132 8A4C03              <1>             mov   cl, [si + drive.cyln + 1]
    17 00000135 C0E106              <1>             shl   cl, 6
    18 00000138 0A4C06              <1>             or    cl, [si + drive.sect]
    19                              <1> 
    20                              <1>             
    21                              <1>             ;read sector
    22 0000013B 8A7404              <1>             mov   dh, [si + drive.head]
    23 0000013E 8A14                <1>             mov   dl, [si + 0]
    24 00000140 B80000              <1>             mov   ax, 0x0000
    25 00000143 8EC0                <1>             mov   es, ax
    26 00000145 8B5E08              <1>             mov   bx, [bp + 8]
    27                              <1> 
    28                              <1> 
    29                              <1> 
    30                              <1> 
    31                              <1>            
    32                              <1> .10L: 
    33 00000148 B402                <1>       mov   ah, 0x02
    34 0000014A 8A4606              <1>       mov   al,  [bp + 6]
    35                              <1> 
    36 0000014D CD13                <1>       int   0x13
    37 0000014F 7304                <1>       jnc   .11E
    38                              <1> 
    39 00000151 B000                <1>       mov   al, 0
    40 00000153 EB0C                <1>       jmp   .10E
    41                              <1> 
    42                              <1> 
    43                              <1> .11E:
    44 00000155 3C00                <1>      cmp   al, 0
    45 00000157 7508                <1>      jne   .10E
    46                              <1> 
    47                              <1> ;     mov   ax, 0
    48                              <1> ;     jne   .10E
    49                              <1> 
    50 00000159 B80000              <1>      mov   ax, 0
    51 0000015C FF4EFE              <1>      dec   word [bp -2]
    52 0000015F 75E7                <1>      jnz   .10L
    53                              <1> .10E:
    54                              <1> 
    55 00000161 B400                <1>       mov   ah,0
    56 00000163 5E                  <1>       pop   si
    57 00000164 07                  <1>       pop   es
    58 00000165 5A                  <1>       pop   dx
    59 00000166 59                  <1>       pop   cx
    60 00000167 5B                  <1>       pop   bx
    61                              <1> 
    62 00000168 89EC                <1>       mov   sp, bp
    63 0000016A 5D                  <1>       pop   bp
    64                              <1> 
    65 0000016B C3                  <1>       ret
    66                              <1> 
    67                              <1> 
    68                              <1> 
    56                                  
    57 0000016C 00<rep 92h>                     times   510 - ($ - $$) db 0x00
    58 000001FE 55AA                            db      0x55, 0xAA
    59                                  
    60                                  ;********************************
    61                                  ;Second stage of boot process
    62                                  ;********************************
    63                                  stage_2: 
    64 00000200 68[0B02]E8BCFE83C4-             cdecl   puts, .s0
    64 00000208 02                 
    65                                  
    66 00000209 EBFE                            jmp  $
    67                                  
    68 0000020B 326E64207374616765-     .s0     db "2nd stage...", 0x0A, 0x0D, 0
    68 00000214 2E2E2E0A0D00       
    69                                  
    70                                  ;padding
    71                                  
    72 0000021A 00<rep 1DE6h>                  times BOOT_SIZE - ($ - $$)    db 0 
    73                                  
    74                                  
    75                                         
    76                                   
