     1                                  ;***********************************************************
     2                                  ;  マクロ
     3                                  ;***********************************************************
     4                                  %include "../include/define.s"
     1                              <1> BOOT_LOAD    equ   0x7C00
     2                              <1> 
     3                              <1> BOOT_SIZE    equ   (1024* 8)
     4                              <1> SECT_SIZE    equ   (512)
     5                              <1> BOOT_SECT    equ   (BOOT_SIZE/SECT_SIZE)
     6                              <1> 
     7                              <1> 
     8                              <1> ;p.439
     9                              <1> E820_RECORD_SIZE   equ   20
    10                              <1> 
    11                              <1> ;p458
    12                              <1> KERNEL_LOAD  equ   0x0010_1000
    13                              <1> 
    14                              <1> KERNEL_SIZE  equ   (1024* 8)
    15                              <1> 
    16                              <1> BOOT_END     equ   (BOOT_LOAD + BOOT_SIZE)
    17                              <1> 
    18                              <1> BOOT_SECT    equ   (BOOT_SIZE/SECT_SIZE)
    19                              <1> KERNEL_SECT  equ   (KERNEL_SIZE/SECT_SIZE)
     5                                  %include "../include/macro.s"
     1                              <1> %macro cdecl 1-*.nolist
     2                              <1>     %rep  %0 - 1
     3                              <1>         push   %{-1:-1}
     4                              <1>         %rotate -1
     5                              <1>     %endrep
     6                              <1>     %rotate -1
     7                              <1>         call    %1
     8                              <1>     %if 1 < %0
     9                              <1>         add    sp,(__BITS__>>3)*(%0 - 1)
    10                              <1>     %endif
    11                              <1> %endmacro
    12                              <1> 
    13                              <1>     struc drive
    14 00000000 ????                <1>           .no     resw  1
    15 00000002 ????                <1>           .cyln   resw  1
    16 00000004 ????                <1>           .head   resw  1
    17 00000006 ????                <1>           .sect   resw  1
    18                              <1>     endstruc
    19                              <1> 
     6                                  
     7                                          ORG BOOT_LOAD
     8                                  
     9                                  ;***********************************************************
    10                                  ;  エントリポイント
    11                                  ;***********************************************************
    12                                  entry:
    13                                          ;------------------------------------------
    14                                          ; BPB(BIOS Parameter Block)
    15                                          ;------------------------------------------
    16 00000000 EB58                            jmp ipl
    17 00000002 90<rep 58h>                     times 90 - ($ - $$) db 0x90
    18                                  
    19                                          ;------------------------------------------
    20                                          ; IPL(Initial Program Loader)
    21                                          ;------------------------------------------
    22                                  ipl:
    23 0000005A FA                              cli
    24                                  
    25 0000005B B80000                          mov ax, 0x0000
    26 0000005E 8ED8                            mov ds, ax
    27 00000060 8EC0                            mov es, ax
    28 00000062 8ED0                            mov ss, ax
    29 00000064 BC007C                          mov sp, BOOT_LOAD
    30                                  
    31 00000067 FB                              sti
    32                                  
    33 00000068 8816[B800]                      mov [BOOT + drive.no], dl
    34                                  
    35                                          ;------------------------------------------
    36                                          ; 文字列を表示
    37                                          ;------------------------------------------
    38 0000006C 68[9900]E84E0083C4-             cdecl puts, .s0
    38 00000074 02                 
    39                                  
    40                                          ;------------------------------------------
    41                                          ; 残りのセクタをすべて読み込む
    42                                          ;------------------------------------------
    43 00000075 BB0F00                          mov bx, BOOT_SECT - 1
    44 00000078 B9007E                          mov cx, BOOT_LOAD + SECT_SIZE
    45                                  
    46 0000007B 515368[B800]E89B00-             cdecl read_chs, BOOT, bx, cx
    46 00000083 83C406             
    47                                  
    48 00000086 39D8                            cmp ax, bx
    49                                  .10Q:
    50 00000088 740C                            jz .10E
    51                                  .10T:
    52 0000008A 68[A600]E8300083C4-             cdecl puts, .e0
    52 00000092 02                 
    53 00000093 E84900                          call reboot
    54                                  .10E:
    55                                  
    56                                          ;------------------------------------------
    57                                          ; 次のステージへ移行
    58                                          ;------------------------------------------
    59 00000096 E9D105                          jmp stage_2
    60                                  
    61                                          ;------------------------------------------
    62                                          ; データ
    63                                          ;------------------------------------------
    64 00000099 426F6F74696E672E2E-     .s0     db "Booting...", 0x0A, 0x0D, 0
    64 000000A2 2E0A0D00           
    65 000000A6 4572726F723A736563-     .e0     db "Error:sector read", 0
    65 000000AF 746F72207265616400 
    66                                  
    67                                  ;***********************************************************
    68                                  ;  ブートドライブに関する情報
    69                                  ;***********************************************************
    70                                  ALIGN 2, db 0
    71                                  BOOT:
    72                                          istruc drive
    73 000000B8 0000                                at drive.no, dw 0
    74 000000BA 0000                                at drive.cyln, dw 0
    75 000000BC 0000                                at drive.head, dw 0
    76 000000BE 0200                                at drive.sect, dw 2
    77                                          iend
    78                                  
    79                                  ;***********************************************************
    80                                  ;  モジュール
    81                                  ;***********************************************************
    82                                  %include "../modules/real/puts.s"
     1                              <1> 
     2                              <1> puts:
     3                              <1> 
     4 000000C0 55                  <1>       push   bp
     5 000000C1 89E5                <1>       mov    bp, sp
     6                              <1> 
     7 000000C3 50                  <1>       push   ax
     8 000000C4 53                  <1>       push   bx
     9 000000C5 56                  <1>       push   si
    10                              <1>       
    11 000000C6 8B7604              <1>       mov    si, [bp + 4]
    12                              <1> 
    13 000000C9 B40E                <1>       mov    ah, 0x0E
    14 000000CB BB0000              <1>       mov    bx, 0x0000
    15 000000CE FC                  <1>       cld
    16                              <1> .10L:
    17                              <1> 
    18 000000CF AC                  <1>       lodsb
    19                              <1> 
    20 000000D0 3C00                <1>       cmp    al, 0
    21 000000D2 7404                <1>       je     .10E
    22                              <1> 
    23 000000D4 CD10                <1>       int    0x10
    24 000000D6 EBF7                <1>       jmp    .10L
    25                              <1> .10E:
    26                              <1> 
    27 000000D8 5E                  <1>       pop    si
    28 000000D9 5B                  <1>       pop    bx
    29 000000DA 58                  <1>       pop    ax
    30                              <1> 
    31 000000DB 89EC                <1>       mov    sp, bp    
    32 000000DD 5D                  <1>       pop    bp
    33                              <1>       
    34 000000DE C3                  <1>       ret
    83                                  %include "../modules/real/reboot.s"
     1                              <1> reboot:
     2 000000DF 68[FB00]E8DBFF83C4- <1>        cdecl puts,  .s0
     2 000000E7 02                  <1>
     3                              <1> 
     4                              <1> .10L: 
     5 000000E8 B410                <1>      mov     ah, 0x10
     6 000000EA CD16                <1>      int     0x16
     7                              <1> 
     8 000000EC 3C20                <1>      cmp     al, ' '
     9 000000EE 75F8                <1>      jne     .10L
    10                              <1> 
    11 000000F0 68[1901]E8CAFF83C4- <1>      cdecl   puts, .s1
    11 000000F8 02                  <1>
    12                              <1> 
    13 000000F9 CD19                <1>      int     0x19
    14                              <1> 
    15 000000FB 0A0D50757368205350- <1> .s0  db 0x0A, 0x0D, "Push SPACE ket to reboot...", 0
    15 00000104 414345206B65742074- <1>
    15 0000010D 6F207265626F6F742E- <1>
    15 00000116 2E2E00              <1>
    16 00000119 0A0D0A0D00          <1> .s1  db 0x0A, 0x0D, 0x0A, 0x0d, 0
    84                                  %include "../modules/real/read_chs.s"
     1                              <1> read_chs:
     2 0000011E 55                  <1>             push  bp
     3 0000011F 89E5                <1>             mov   bp, sp
     4 00000121 6A03                <1>             push  3
     5 00000123 6A00                <1>             push  0
     6                              <1> 
     7 00000125 53                  <1>             push  bx
     8 00000126 51                  <1>             push  cx
     9 00000127 52                  <1>             push  dx
    10 00000128 06                  <1>             push  es
    11 00000129 56                  <1>             push  si
    12                              <1>             ;start process
    13 0000012A 8B7604              <1>             mov   si, [bp + 4]
    14                              <1> 
    15 0000012D 8A6C02              <1>             mov   ch, [si + drive.cyln + 0]
    16 00000130 8A4C03              <1>             mov   cl, [si + drive.cyln + 1]
    17 00000133 C0E106              <1>             shl   cl, 6
    18 00000136 0A4C06              <1>             or    cl, [si + drive.sect]
    19                              <1> 
    20                              <1>             
    21                              <1>             ;read sector
    22 00000139 8A7404              <1>             mov   dh, [si + drive.head]
    23 0000013C 8A14                <1>             mov   dl, [si + 0]
    24 0000013E B80000              <1>             mov   ax, 0x0000
    25 00000141 8EC0                <1>             mov   es, ax
    26 00000143 8B5E08              <1>             mov   bx, [bp + 8]
    27                              <1> 
    28                              <1> 
    29                              <1> 
    30                              <1> 
    31                              <1>            
    32                              <1> .10L: 
    33 00000146 B402                <1>       mov   ah, 0x02
    34 00000148 8A4606              <1>       mov   al,  [bp + 6]
    35                              <1> 
    36 0000014B CD13                <1>       int   0x13
    37 0000014D 7304                <1>       jnc   .11E
    38                              <1> 
    39 0000014F B000                <1>       mov   al, 0
    40 00000151 EB0C                <1>       jmp   .10E
    41                              <1> 
    42                              <1> 
    43                              <1> .11E:
    44 00000153 3C00                <1>      cmp   al, 0
    45 00000155 7508                <1>      jne   .10E
    46                              <1> 
    47                              <1> ;     mov   ax, 0
    48                              <1> ;     jne   .10E
    49                              <1> 
    50 00000157 B80000              <1>      mov   ax, 0
    51 0000015A FF4EFE              <1>      dec   word [bp -2]
    52 0000015D 75E7                <1>      jnz   .10L
    53                              <1> .10E:
    54                              <1> 
    55 0000015F B400                <1>       mov   ah,0
    56 00000161 5E                  <1>       pop   si
    57 00000162 07                  <1>       pop   es
    58 00000163 5A                  <1>       pop   dx
    59 00000164 59                  <1>       pop   cx
    60 00000165 5B                  <1>       pop   bx
    61                              <1> 
    62 00000166 89EC                <1>       mov   sp, bp
    63 00000168 5D                  <1>       pop   bp
    64                              <1> 
    65 00000169 C3                  <1>       ret
    66                              <1> 
    67                              <1> 
    68                              <1> 
    85                                  
    86                                  ;***********************************************************
    87                                  ;  ブートフラグ(先頭512バイトの終了)
    88                                  ;***********************************************************
    89 0000016A 00<rep 94h>                     times 510 - ($ - $$) db 0x00
    90 000001FE 55AA                            db 0x55, 0xAA
    91                                  
    92                                  ;***********************************************************
    93                                  ;  リアルモード時に取得した情報
    94                                  ;***********************************************************
    95                                  FONT:
    96 00000200 0000                    .seg:   dw 0
    97 00000202 0000                    .off:   dw 0
    98                                  ACPI_DATA:
    99 00000204 00000000                .adr:   dd 0
   100 00000208 00000000                .len:   dd 0
   101                                  
   102                                  ;***********************************************************
   103                                  ;  モジュール(先頭512バイト以降に配置)
   104                                  ;***********************************************************
   105                                  %include "../modules/real/itoa.s"
     1                              <1> itoa:
     2 0000020C 55                  <1> 	push	bp
     3 0000020D 89E5                <1> 	mov	bp, sp
     4                              <1> 
     5 0000020F 50                  <1> 	push	ax
     6 00000210 53                  <1> 	push	bx
     7 00000211 51                  <1> 	push	cx
     8 00000212 52                  <1> 	push	dx
     9 00000213 56                  <1> 	push	si
    10 00000214 57                  <1> 	push	di
    11                              <1> 
    12 00000215 8B4604              <1> 	mov	ax, [bp + 4]
    13 00000218 8B7606              <1> 	mov	si, [bp + 6]
    14 0000021B 8B4E08              <1> 	mov	cx, [bp + 8]
    15                              <1> 
    16 0000021E 89F7                <1> 	mov	di, si
    17 00000220 01CF                <1> 	add	di, cx
    18 00000222 4F                  <1> 	dec	di
    19                              <1> 
    20 00000223 8B5E0C              <1> 	mov	bx, word [bp + 12]
    21                              <1> 
    22 00000226 F7C30100            <1> 	test	bx, 0b0001
    23 0000022A 7408                <1> .10Q:	je	.10E
    24 0000022C 83F800              <1> 	cmp	ax, 0
    25 0000022F 7D03                <1> .12Q:	jge	.12E
    26 00000231 83CB02              <1> 	or	bx, 0b0010
    27                              <1> .12E:
    28                              <1> .10E:
    29                              <1> 
    30 00000234 F7C30200            <1> 	test	bx, 0b0010
    31 00000238 7410                <1> .20Q:	je	.20E
    32 0000023A 83F800              <1> 	cmp	ax, 0
    33 0000023D 7D07                <1> .22Q:	jge	.22F
    34 0000023F F7D8                <1> 	neg	ax
    35 00000241 C6042D              <1> 	mov	[si], byte '-'
    36 00000244 EB03                <1> 	jmp	.22E
    37                              <1> .22F:
    38                              <1> 
    39 00000246 C6042B              <1> 	mov	[si], byte '+'
    40                              <1> .22E:
    41 00000249 49                  <1> 	dec	cx
    42                              <1> .20E:
    43                              <1> 
    44 0000024A 8B5E0A              <1> 	mov	bx, [bp + 10]
    45                              <1> .30L:
    46                              <1> 
    47 0000024D BA0000              <1> 	mov	dx, 0
    48 00000250 F7F3                <1> 	div	bx
    49                              <1> 
    50                              <1> 
    51 00000252 89D6                <1> 	mov	si, dx
    52 00000254 8A94[7C02]          <1> 	mov	dl, byte [.ascii + si]
    53                              <1> 
    54 00000258 8815                <1> 	mov	[di], dl
    55 0000025A 4F                  <1> 	dec	di
    56                              <1> 
    57 0000025B 83F800              <1> 	cmp	ax, 0
    58 0000025E E0ED                <1> 	loopnz	.30L
    59                              <1> .30E:
    60                              <1> 
    61 00000260 83F900              <1> 	cmp	cx, 0
    62 00000263 740D                <1> .40Q:	je	.40E
    63 00000265 B020                <1> 	mov	al, ' '
    64 00000267 837E0C04            <1> 	cmp	[bp + 12], word 0b0100
    65 0000026B 7502                <1> .42Q:	jne	.42E
    66 0000026D B030                <1> 	mov	al, '0'
    67                              <1> .42E:
    68 0000026F FD                  <1> 	std
    69 00000270 F3AA                <1> 	rep stosb
    70                              <1> .40E:
    71                              <1> 
    72 00000272 5F                  <1> 	pop	di
    73 00000273 5E                  <1> 	pop	si
    74 00000274 5A                  <1> 	pop	dx
    75 00000275 59                  <1> 	pop	cx
    76 00000276 5B                  <1> 	pop	bx
    77 00000277 58                  <1> 	pop	ax
    78                              <1> 
    79 00000278 89EC                <1> 	mov	sp, bp
    80 0000027A 5D                  <1> 	pop	bp
    81                              <1> 
    82 0000027B C3                  <1> 	ret
    83                              <1> 
    84 0000027C 303132333435363738- <1> .ascii	db	"0123456789ABCDEF"
    84 00000285 39414243444546      <1>
   106                                  %include "../modules/real/get_drive_param.s"
     1                              <1> get_drive_param:
     2 0000028C 55                  <1>             push  bp
     3 0000028D 89E5                <1>             mov   bp, sp
     4                              <1> 
     5 0000028F 53                  <1>             push  bx
     6 00000290 51                  <1>             push  cx
     7 00000291 06                  <1>             push  es
     8 00000292 56                  <1>             push  si
     9 00000293 57                  <1>             push  di
    10                              <1>             ;start process
    11 00000294 8B7604              <1>             mov   si,  [bp + 4]
    12                              <1> 
    13 00000297 B80000              <1>             mov   ax, 0
    14 0000029A 8EC0                <1>             mov   es, ax
    15 0000029C 89C7                <1>             mov   di, ax
    16                              <1> 
    17 0000029E B408                <1>             mov   ah, 0x08
    18 000002A0 8A14                <1>             mov    dl, [si + drive.no]
    19 000002A2 CD13                <1>             int   0x13
    20 000002A4 721B                <1> .10Q:       jc    .10F
    21                              <1> .10T:       
    22 000002A6 88C8                <1>             mov   al, cl
    23 000002A8 83E03F              <1>             and   ax, 0x3F
    24                              <1> 
    25 000002AB C0E906              <1>             shr   cl, 6
    26 000002AE C1C908              <1>             ror   cx, 8
    27 000002B1 41                  <1>             inc   cx
    28                              <1> 
    29 000002B2 0FB6DE              <1>             movzx  bx, dh
    30 000002B5 43                  <1>             inc    bx
    31                              <1> 
    32                              <1> 
    33                              <1>             
    34 000002B6 894C02              <1>             mov   [si + drive.cyln], cx
    35 000002B9 895C04              <1>             mov   [si + drive.head], bx
    36 000002BC 894406              <1>             mov   [si + drive.sect], ax
    37                              <1> 
    38 000002BF EB03                <1>             jmp   .10E
    39                              <1> .10F:  
    40 000002C1 B80000              <1>             mov    ax, 0
    41                              <1> 
    42                              <1> .10E:  
    43                              <1>   
    44                              <1>      
    45                              <1> 
    46                              <1>   
    47 000002C4 5F                  <1>       pop   di
    48 000002C5 5E                  <1>       pop   si
    49 000002C6 07                  <1>       pop   es
    50 000002C7 59                  <1>       pop   cx
    51 000002C8 5B                  <1>       pop   bx
    52                              <1> 
    53 000002C9 89EC                <1>       mov   sp, bp
    54 000002CB 5D                  <1>       pop   bp
    55                              <1> 
    56 000002CC C3                  <1>       ret
    57                              <1> 
    58                              <1> 
    59                              <1> 
   107                                  %include "../modules/real/get_font_adr.s"
     1                              <1> get_font_adr:
     2 000002CD 55                  <1>             push  bp
     3 000002CE 89E5                <1>             mov   bp, sp
     4                              <1> 
     5 000002D0 50                  <1>             push  ax
     6 000002D1 53                  <1>             push  bx
     7 000002D2 56                  <1>             push  si
     8 000002D3 06                  <1>             push  es
     9 000002D4 55                  <1>             push  bp
    10                              <1>             
    11                              <1>             ;start process
    12 000002D5 8B7604              <1>             mov   si,  [bp + 4]
    13                              <1>             ;font
    14 000002D8 B83011              <1>             mov   ax, 0x1130
    15 000002DB B706                <1>             mov   bh, 0x06
    16 000002DD CD10                <1>             int   10h
    17                              <1>             ;fontaddress save
    18                              <1> 
    19                              <1> 
    20 000002DF 8C04                <1>             mov   [si + 0], es
    21 000002E1 896C02              <1>             mov   [si + 2], bp
    22                              <1>         
    23                              <1> 
    24                              <1> 
    25                              <1> 
    26                              <1>         
    27                              <1>   
    28 000002E4 5D                  <1>             pop   bp
    29 000002E5 07                  <1>             pop   es
    30 000002E6 5E                  <1>             pop   si
    31 000002E7 5B                  <1>             pop   bx
    32 000002E8 58                  <1>             pop   ax
    33                              <1> 
    34 000002E9 89EC                <1>             mov   sp, bp
    35 000002EB 5D                  <1>             pop   bp
    36                              <1> 
    37 000002EC C3                  <1>             ret
    38                              <1> 
    39                              <1> 
    40                              <1> 
   108                                  %include "../modules/real/get_mem_info.s"
     1                              <1> get_mem_info:
     2                              <1>         ;-----------------------------------------
     3                              <1>         ; 【レジスタの保存】
     4                              <1>         ;-----------------------------------------
     5 000002ED 6650                <1>         push eax
     6 000002EF 6653                <1>         push ebx
     7 000002F1 6651                <1>         push ecx
     8 000002F3 6652                <1>         push edx
     9 000002F5 56                  <1>         push si
    10 000002F6 57                  <1>         push di
    11 000002F7 55                  <1>         push bp
    12                              <1> 
    13                              <1> ALIGN 4, db 0
    14 000002F8 00<rep 14h>         <1> .b0:    times E820_RECORD_SIZE db 0
    15                              <1>       
    16 0000030C 68[A003]E8AEFD83C4- <1>         cdecl puts, .s0
    16 00000314 02                  <1>
    17                              <1> 
    18                              <1>         ; メモリ情報を取得する
    19 00000315 BD0000              <1>         mov bp, 0
    20 00000318 66BB00000000        <1>         mov ebx, 0
    21                              <1> .10L:
    22 0000031E 66B820E80000        <1>         mov eax, 0x0000E820
    23 00000324 66B914000000        <1>         mov ecx, E820_RECORD_SIZE
    24 0000032A 66BA50414D53        <1>         mov edx, 'PAMS'
    25 00000330 BF[F802]            <1>         mov di, .b0
    26 00000333 CD15                <1>         int 0x15
    27                              <1> 
    28                              <1>         ; コマンドに対応か？
    29 00000335 663D50414D53        <1>         cmp eax, 'PAMS'
    30 0000033B 7402                <1>         je .12E
    31 0000033D EB4C                <1>         jmp .10E
    32                              <1> .12E:
    33                              <1>         ; エラーなし？
    34 0000033F 7302                <1>         jnc .14E
    35 00000341 EB48                <1>         jmp .10E
    36                              <1> .14E:
    37                              <1>         ; 1レコード分のメモリ情報を表示
    38 00000343 57E8E40083C402      <1>         cdecl put_mem_info, di
    39                              <1> 
    40                              <1>         ; ACPI dataのアドレスを取得
    41 0000034A 668B4510            <1>         mov eax, [di + 16]
    42 0000034E 6683F803            <1>         cmp eax, 3
    43 00000352 750F                <1>         jne .15E
    44                              <1> 
    45 00000354 668B05              <1>         mov eax, [di + 0]
    46 00000357 66A3[0402]          <1>         mov [ACPI_DATA.adr], eax
    47                              <1> 
    48 0000035B 668B4508            <1>         mov eax, [di + 8]
    49 0000035F 66A3[0802]          <1>         mov [ACPI_DATA.len], eax
    50                              <1> .15E:
    51 00000363 6683FB00            <1>         cmp ebx, 0
    52 00000367 741C                <1>         jz .16E
    53                              <1> 
    54 00000369 45                  <1>         inc bp
    55 0000036A 83E507              <1>         and bp, 0x07
    56 0000036D 7516                <1>         jnz .16E
    57                              <1> 
    58 0000036F 68[1304]E84BFD83C4- <1>         cdecl puts, .s2
    58 00000377 02                  <1>
    59                              <1> 
    60 00000378 B410                <1>         mov ah, 0x10
    61 0000037A CD16                <1>         int 0x16
    62                              <1> 
    63 0000037C 68[1E04]E83EFD83C4- <1>         cdecl puts, .s3
    63 00000384 02                  <1>
    64                              <1> .16E:
    65 00000385 6683FB00            <1>         cmp ebx, 0
    66 00000389 7593                <1>         jne .10L
    67                              <1> .10E:
    68 0000038B 68[E303]E82FFD83C4- <1>         cdecl puts, .s1
    68 00000393 02                  <1>
    69                              <1> 
    70                              <1>         ;-----------------------------------------
    71                              <1>         ; 【レジスタの復帰】
    72                              <1>         ;-----------------------------------------
    73 00000394 5D                  <1>         pop bp
    74 00000395 5F                  <1>         pop di
    75 00000396 5E                  <1>         pop si
    76 00000397 665A                <1>         pop edx
    77 00000399 6659                <1>         pop ecx
    78 0000039B 665B                <1>         pop ebx
    79 0000039D 6658                <1>         pop eax
    80                              <1> 
    81 0000039F C3                  <1>         ret
    82                              <1> 
    83                              <1>         ;------------------------------------------
    84                              <1>         ; データ
    85                              <1>         ;------------------------------------------
    86 000003A0 2045383230204D656D- <1> .s0:	db " E820 Memory Map:", 0x0A, 0x0D
    86 000003A9 6F7279204D61703A0A- <1>
    86 000003B2 0D                  <1>
    87 000003B3 20426173655F5F5F5F- <1> 	db " Base_____________ Length___________ Type____", 0x0A, 0x0D, 0
    87 000003BC 5F5F5F5F5F5F5F5F5F- <1>
    87 000003C5 204C656E6774685F5F- <1>
    87 000003CE 5F5F5F5F5F5F5F5F5F- <1>
    87 000003D7 20547970655F5F5F5F- <1>
    87 000003E0 0A0D00              <1>
    88 000003E3 202D2D2D2D2D2D2D2D- <1> .s1:	db " ----------------- ----------------- --------", 0x0A, 0x0D, 0
    88 000003EC 2D2D2D2D2D2D2D2D2D- <1>
    88 000003F5 202D2D2D2D2D2D2D2D- <1>
    88 000003FE 2D2D2D2D2D2D2D2D2D- <1>
    88 00000407 202D2D2D2D2D2D2D2D- <1>
    88 00000410 0A0D00              <1>
    89 00000413 203C6D6F72652E2E2E- <1> .s2:    db " <more...>", 0
    89 0000041C 3E00                <1>
    90 0000041E 0D2020202020202020- <1> .s3:    db 0x0D, "          ", 0x0D, 0
    90 00000427 20200D00            <1>
    91                              <1> 
    92                              <1> put_mem_info:
    93                              <1>         ;------------------------------------------
    94                              <1>         ; 【スタックフレームの構築】
    95                              <1>         ;------------------------------------------
    96 0000042B 55                  <1>         push bp
    97 0000042C 89E5                <1>         mov bp, sp
    98                              <1> 
    99                              <1>         ;-----------------------------------------
   100                              <1>         ; 【レジスタの保存】
   101                              <1>         ;-----------------------------------------
   102 0000042E 53                  <1>         push bx
   103 0000042F 56                  <1>         push si
   104                              <1> 
   105                              <1>         ;-----------------------------------------
   106                              <1>         ; 引数を取得
   107                              <1>         ;-----------------------------------------
   108 00000430 8B7604              <1>         mov si, [bp + 4]
   109                              <1> 
   110                              <1>         ;-----------------------------------------
   111                              <1>         ; レコードの表示
   112                              <1>         ;-----------------------------------------
   113                              <1>         ; Base(64bit)
   114 00000433 6A046A106A0468-     <1>         cdecl itoa, word[si + 6], .p2 + 0, 4, 16, 0b0100
   114 0000043A [0A05]FF7406E8CAFD- <1>
   114 00000442 83C40A              <1>
   115 00000445 6A046A106A0468-     <1>         cdecl itoa, word[si + 4], .p2 + 4, 4, 16, 0b0100
   115 0000044C [0E05]FF7404E8B8FD- <1>
   115 00000454 83C40A              <1>
   116 00000457 6A046A106A0468-     <1>         cdecl itoa, word[si + 2], .p3 + 0, 4, 16, 0b0100
   116 0000045E [1305]FF7402E8A6FD- <1>
   116 00000466 83C40A              <1>
   117 00000469 6A046A106A0468-     <1>         cdecl itoa, word[si + 0], .p3 + 4, 4, 16, 0b0100
   117 00000470 [1705]FF34E895FD83- <1>
   117 00000478 C40A                <1>
   118                              <1> 
   119                              <1>         ; Length(64bit)
   120 0000047A 6A046A106A0468-     <1>         cdecl itoa, word[si + 14], .p4 + 0, 4, 16, 0b0100
   120 00000481 [1C05]FF740EE883FD- <1>
   120 00000489 83C40A              <1>
   121 0000048C 6A046A106A0468-     <1>         cdecl itoa, word[si + 12], .p4 + 4, 4, 16, 0b0100
   121 00000493 [2005]FF740CE871FD- <1>
   121 0000049B 83C40A              <1>
   122 0000049E 6A046A106A0468-     <1>         cdecl itoa, word[si + 10], .p5 + 0, 4, 16, 0b0100
   122 000004A5 [2505]FF740AE85FFD- <1>
   122 000004AD 83C40A              <1>
   123 000004B0 6A046A106A0468-     <1>         cdecl itoa, word[si + 8], .p5 + 4, 4, 16, 0b0100
   123 000004B7 [2905]FF7408E84DFD- <1>
   123 000004BF 83C40A              <1>
   124                              <1> 
   125                              <1>         ; Type(32bit)
   126 000004C2 6A046A106A0468-     <1>         cdecl itoa, word[si + 18], .p6 + 0, 4, 16, 0b0100
   126 000004C9 [2E05]FF7412E83BFD- <1>
   126 000004D1 83C40A              <1>
   127 000004D4 6A046A106A0468-     <1>         cdecl itoa, word[si + 16], .p6 + 4, 4, 16, 0b0100
   127 000004DB [3205]FF7410E829FD- <1>
   127 000004E3 83C40A              <1>
   128                              <1> 
   129 000004E6 68[0905]E8D4FB83C4- <1>         cdecl puts, .s1
   129 000004EE 02                  <1>
   130                              <1> 
   131 000004EF 8B5C10              <1>         mov bx, [si + 16]
   132 000004F2 83E307              <1>         and bx, 0x07
   133 000004F5 D1E3                <1>         shl bx, 1
   134 000004F7 81C3[8B05]          <1>         add bx, .t0
   135 000004FB FF37E8C0FB83C402    <1>         cdecl puts, word[bx]
   136                              <1> 
   137                              <1>         ;-----------------------------------------
   138                              <1>         ; 【レジスタの復帰】
   139                              <1>         ;-----------------------------------------
   140 00000503 5E                  <1>         pop si
   141 00000504 5B                  <1>         pop bx
   142                              <1> 
   143                              <1>         ;-----------------------------------------
   144                              <1>         ; 【スタックフレームの破棄】
   145                              <1>         ;-----------------------------------------
   146 00000505 89EC                <1>         mov sp, bp
   147 00000507 5D                  <1>         pop bp
   148                              <1> 
   149 00000508 C3                  <1>         ret
   150                              <1> 
   151                              <1>         ;------------------------------------------
   152                              <1>         ; データ
   153                              <1>         ;------------------------------------------
   154 00000509 20                  <1> .s1:    db " "
   155 0000050A 5A5A5A5A5A5A5A5A5F  <1> .p2:    db "ZZZZZZZZ_"
   156 00000513 5A5A5A5A5A5A5A5A20  <1> .p3:    db "ZZZZZZZZ "
   157 0000051C 5A5A5A5A5A5A5A5A5F  <1> .p4:    db "ZZZZZZZZ_"
   158 00000525 5A5A5A5A5A5A5A5A20  <1> .p5:    db "ZZZZZZZZ "
   159 0000052E 5A5A5A5A5A5A5A5A00  <1> .p6:    db "ZZZZZZZZ", 0
   160                              <1> 
   161 00000537 2028556E6B6E6F776E- <1> .s4:    db " (Unknown)", 0x0A, 0x0D, 0
   161 00000540 290A0D00            <1>
   162 00000544 2028757361626C6529- <1> .s5:    db " (usable)", 0x0A, 0x0D, 0
   162 0000054D 0A0D00              <1>
   163 00000550 202872657365727665- <1> .s6:    db " (reserved)", 0x0A, 0x0D, 0
   163 00000559 64290A0D00          <1>
   164 0000055E 202841435049206461- <1> .s7:    db " (ACPI data)", 0x0A, 0x0D, 0
   164 00000567 7461290A0D00        <1>
   165 0000056D 202841435049204E56- <1> .s8:    db " (ACPI NVS)", 0x0A, 0x0D, 0
   165 00000576 53290A0D00          <1>
   166 0000057B 2028626164206D656D- <1> .s9:    db " (bad memory)", 0x0A, 0x0D, 0
   166 00000584 6F7279290A0D00      <1>
   167                              <1> 
   168 0000058B [3705][4405][5005]- <1> .t0: dw .s4, .s5, .s6, .s7, .s8, .s9, .s4, .s4
   168 00000591 [5E05][6D05][7B05]- <1>
   168 00000597 [3705][3705]        <1>
   109                                  %include "../modules/real/kbc.s"
     1                              <1> KBC_Data_Write:
     2                              <1>         ;-----------------------------------------
     3                              <1>         ; 【スタックフレームの構築】
     4                              <1>         ;-----------------------------------------
     5 0000059B 55                  <1>         push bp
     6 0000059C 89E5                <1>         mov bp, sp
     7                              <1> 
     8                              <1>         ;-----------------------------------------
     9                              <1>         ; 【レジスタの保存】
    10                              <1>         ;-----------------------------------------
    11 0000059E 51                  <1>         push cx
    12                              <1> 
    13                              <1>         ;-----------------------------------------
    14                              <1>         ; 書き込み処理
    15                              <1>         ;-----------------------------------------
    16 0000059F B90000              <1>         mov cx, 0
    17                              <1> .10L:
    18 000005A2 E464                <1>         in al, 0x64
    19 000005A4 A802                <1>         test al, 0x02
    20 000005A6 E0FA                <1>         loopnz .10L
    21                              <1> 
    22 000005A8 83F900              <1>         cmp cx, 0
    23 000005AB 7405                <1>         jz .20E
    24                              <1> 
    25 000005AD 8A4604              <1>         mov al, [bp + 4]
    26 000005B0 E660                <1>         out 0x60, al
    27                              <1> .20E:
    28 000005B2 89C8                <1>         mov ax, cx
    29                              <1> 
    30                              <1>         ;-----------------------------------------
    31                              <1>         ; 【レジスタの復帰】
    32                              <1>         ;-----------------------------------------
    33 000005B4 59                  <1>         pop cx
    34                              <1> 
    35                              <1>         ;-----------------------------------------
    36                              <1>         ; 【スタックフレームの破棄】
    37                              <1>         ;-----------------------------------------
    38 000005B5 89EC                <1>         mov sp, bp
    39 000005B7 5D                  <1>         pop bp
    40                              <1> 
    41 000005B8 C3                  <1>         ret
    42                              <1> 
    43                              <1> KBC_Data_Read:
    44                              <1>         ;-----------------------------------------
    45                              <1>         ; 【スタックフレームの構築】
    46                              <1>         ;-----------------------------------------
    47 000005B9 55                  <1>         push bp
    48 000005BA 89E5                <1>         mov bp, sp
    49                              <1> 
    50                              <1>         ;-----------------------------------------
    51                              <1>         ; 【レジスタの保存】
    52                              <1>         ;-----------------------------------------
    53 000005BC 51                  <1>         push cx
    54                              <1> 
    55                              <1>         ;-----------------------------------------
    56                              <1>         ; 読み込み処理
    57                              <1>         ;-----------------------------------------
    58 000005BD B90000              <1>         mov cx, 0
    59                              <1> .10L:
    60 000005C0 E464                <1>         in al, 0x64
    61 000005C2 A801                <1>         test al, 0x01
    62 000005C4 E1FA                <1>         loopz .10L
    63                              <1> 
    64 000005C6 83F900              <1>         cmp cx, 0
    65 000005C9 7409                <1>         jz .20E
    66                              <1> 
    67 000005CB B400                <1>         mov ah, 0x00
    68 000005CD E460                <1>         in al, 0x60
    69                              <1> 
    70 000005CF 8B7E04              <1>         mov di, [bp + 4]
    71 000005D2 8905                <1>         mov [di + 0], ax
    72                              <1> .20E:
    73 000005D4 89C8                <1>         mov ax, cx
    74                              <1> 
    75                              <1>         ;-----------------------------------------
    76                              <1>         ; 【レジスタの復帰】
    77                              <1>         ;-----------------------------------------
    78 000005D6 59                  <1>         pop cx
    79                              <1> 
    80                              <1>         ;-----------------------------------------
    81                              <1>         ; 【スタックフレームの破棄】
    82                              <1>         ;-----------------------------------------
    83 000005D7 89EC                <1>         mov sp, bp
    84 000005D9 5D                  <1>         pop bp
    85                              <1> 
    86 000005DA C3                  <1>         ret
    87                              <1> 
    88                              <1> KBC_Cmd_Write:
    89                              <1>         ;-----------------------------------------
    90                              <1>         ; 【スタックフレームの構築】
    91                              <1>         ;-----------------------------------------
    92 000005DB 55                  <1>         push bp
    93 000005DC 89E5                <1>         mov bp, sp
    94                              <1> 
    95                              <1>         ;-----------------------------------------
    96                              <1>         ; 【レジスタの保存】
    97                              <1>         ;-----------------------------------------
    98 000005DE 51                  <1>         push cx
    99                              <1> 
   100                              <1>         ;-----------------------------------------
   101                              <1>         ; コマンド書き込み
   102                              <1>         ;-----------------------------------------
   103 000005DF B90000              <1>         mov cx, 0
   104                              <1> .10L:
   105 000005E2 E464                <1>         in al, 0x64
   106 000005E4 A802                <1>         test al, 0x02
   107 000005E6 E0FA                <1>         loopnz .10L
   108                              <1> 
   109 000005E8 83F900              <1>         cmp cx, 0
   110 000005EB 7405                <1>         jz .20E
   111                              <1> 
   112 000005ED 8A4604              <1>         mov al, [bp + 4]
   113 000005F0 E664                <1>         out 0x64, al
   114                              <1> .20E:
   115 000005F2 89C8                <1>         mov ax, cx
   116                              <1> 
   117                              <1>         ;-----------------------------------------
   118                              <1>         ; 【レジスタの復帰】
   119                              <1>         ;-----------------------------------------
   120 000005F4 59                  <1>         pop cx
   121                              <1> 
   122                              <1>         ;-----------------------------------------
   123                              <1>         ; 【スタックフレームの破棄】
   124                              <1>         ;-----------------------------------------
   125 000005F5 89EC                <1>         mov sp, bp
   126 000005F7 5D                  <1>         pop bp
   127                              <1> 
   128 000005F8 C3                  <1>         ret
   110                                  %include "../modules/real/lba_chs.s"
     1                              <1> lba_chs:
     2 000005F9 55                  <1>         push  bp
     3 000005FA 89E5                <1>         mov   bp, sp
     4                              <1> 
     5 000005FC 50                  <1>         push ax
     6 000005FD 53                  <1>         push bx
     7 000005FE 52                  <1>         push dx
     8 000005FF 56                  <1>         push si
     9 00000600 57                  <1>         push di
    10                              <1> 
    11                              <1> 
    12 00000601 8B7604              <1>         mov   si, [bp + 4]
    13 00000604 8B7E06              <1>         mov   di, [bp + 6]
    14                              <1> 
    15 00000607 8A4404              <1>         mov   al, [si + drive.head]
    16 0000060A F66406              <1>         mul   byte [si + drive.sect]
    17 0000060D 89C3                <1>         mov   bx, ax
    18                              <1> 
    19 0000060F BA0000              <1>         mov   dx, 0
    20 00000612 8B4608              <1>         mov   ax, [bp + 8]
    21 00000615 F7F3                <1>         div   bx
    22                              <1>         
    23 00000617 894502              <1>         mov   [di + drive.cyln], ax
    24                              <1> 
    25 0000061A 89D0                <1>         mov   ax, dx
    26 0000061C F67406              <1>         div   byte [si + drive.sect]
    27                              <1> 
    28 0000061F 0FB6D4              <1>         movzx  dx, ah
    29 00000622 42                  <1>         inc    dx
    30                              <1> 
    31 00000623 B400                <1>         mov    ah, 0x00
    32                              <1> 
    33 00000625 894504              <1>         mov    [di + drive.head], ax
    34 00000628 895506              <1>         mov    [di + drive.sect], dx
    35                              <1> 
    36                              <1> 
    37                              <1>       
    38                              <1> 
    39 0000062B 5F                  <1>         pop di
    40 0000062C 5E                  <1>         pop si
    41 0000062D 5A                  <1>         pop dx
    42 0000062E 5B                  <1>         pop bx
    43 0000062F 58                  <1>         pop ax
    44                              <1> 
    45                              <1>         ;-----------------------------------------
    46                              <1>         ; 【スタックフレームの破棄】
    47                              <1>         ;-----------------------------------------
    48 00000630 89EC                <1>         mov sp, bp
    49 00000632 5D                  <1>         pop bp
    50                              <1>         
    51 00000633 C3                  <1>         ret
    52                              <1> 
   111                                  %include "../modules/real/read_lba.s"
     1                              <1> read_lba: 
     2                              <1> 
     3 00000634 55                  <1>         push  bp
     4 00000635 89E5                <1>         mov   bp, sp
     5                              <1> 
     6 00000637 56                  <1>         push  si
     7                              <1> 
     8 00000638 8B7604              <1>         mov   si, [bp + 4]
     9                              <1>         ;--------------------
    10                              <1>         ; LBA --> CHS change
    11 0000063B 8B4606              <1>         mov   ax, [bp + 6]
    12 0000063E 5068[6206]56E8B3FF- <1>         cdecl  lba_chs, si, .chs, ax
    12 00000646 83C406              <1>
    13                              <1> 
    14                              <1> 
    15                              <1> 
    16 00000649 8A04                <1>         mov     al, [si + drive.no]
    17 0000064B A2[6206]            <1>         mov   [.chs + drive.no], al
    18 0000064E FF760AFF760868-     <1>         cdecl  read_chs, .chs, word[bp + 8], word[bp + 10]
    18 00000655 [6206]E8C4FA83C406  <1>
    19                              <1> 
    20 0000065D 5E                  <1>         pop    si
    21 0000065E 89EC                <1>         mov    sp, bp
    22 00000660 5D                  <1>         pop    bp
    23                              <1> 
    24 00000661 C3                  <1>         ret
    25                              <1> 
    26 00000662 00<rep 8h>          <1> .chs:  times   drive_size    db   0
   112                                  ;***********************************************************
   113                                  ;  ブート処理の第2ステージ
   114                                  ;***********************************************************
   115                                  stage_2:
   116                                          ;------------------------------------------
   117                                          ; 文字列を表示
   118                                          ;------------------------------------------
   119 0000066A 68[E406]E850FA83C4-             cdecl puts, .s0
   119 00000672 02                 
   120                                  
   121                                          ;------------------------------------------
   122                                          ; ドライブ情報を取得
   123                                          ;------------------------------------------
   124 00000673 68[B800]E813FC83C4-             cdecl get_drive_param, BOOT
   124 0000067B 02                 
   125 0000067C 83F800                          cmp ax, 0
   126                                  .10Q:
   127 0000067F 750C                            jne .10E
   128                                  .10T:
   129 00000681 68[1B07]E839FA83C4-             cdecl puts, .e0
   129 00000689 02                 
   130 0000068A E852FA                          call reboot
   131                                  .10E:
   132                                  
   133                                          ;------------------------------------------
   134                                          ; ドライブ情報を取得
   135                                          ;------------------------------------------
   136 0000068D A1[B800]                        mov ax, [BOOT + drive.no]
   137 00000690 6A046A106A0268-                 cdecl itoa, ax, .p1, 2, 16, 0b0100
   137 00000697 [FC06]50E86FFB83C4-
   137 0000069F 0A                 
   138 000006A0 A1[BA00]                        mov ax, [BOOT + drive.cyln]
   139 000006A3 6A046A106A0468-                 cdecl itoa, ax, .p2, 4, 16, 0b0100
   139 000006AA [0407]50E85CFB83C4-
   139 000006B2 0A                 
   140 000006B3 A1[BC00]                        mov ax, [BOOT + drive.head]
   141 000006B6 6A046A106A0268-                 cdecl itoa, ax, .p3, 2, 16, 0b0100
   141 000006BD [0E07]50E849FB83C4-
   141 000006C5 0A                 
   142 000006C6 A1[BE00]                        mov ax, [BOOT + drive.sect]
   143 000006C9 6A046A106A0268-                 cdecl itoa, ax, .p4, 2, 16, 0b0100
   143 000006D0 [1607]50E836FB83C4-
   143 000006D8 0A                 
   144 000006D9 68[F306]E8E1F983C4-             cdecl puts, .s1
   144 000006E1 02                 
   145                                  
   146                                          ;------------------------------------------
   147                                          ; 次のステージへ移行
   148                                          ;------------------------------------------
   149 000006E2 EB52                            jmp stage_3rd
   150                                  
   151                                          ;------------------------------------------
   152                                          ; データ
   153                                          ;------------------------------------------
   154 000006E4 326E64207374616765-     .s0     db "2nd stage...", 0x0A, 0x0D, 0
   154 000006ED 2E2E2E0A0D00       
   155 000006F3 2044726976653A3078      .s1     db " Drive:0x"
   156 000006FC 20202C20433A3078        .p1     db "  , C:0x"
   157 00000704 202020202C20483A30-     .p2     db "    , H:0x"
   157 0000070D 78                 
   158 0000070E 20202C20533A3078        .p3     db "  , S:0x"
   159 00000716 20200A0D00              .p4     db "  ", 0x0A, 0x0D, 0
   160 0000071B 43616E277420676574-     .e0     db "Can't get drive parameter.", 0
   160 00000724 206472697665207061-
   160 0000072D 72616D657465722E00 
   161                                  
   162                                  ;***********************************************************
   163                                  ;  ブート処理の第3ステージ
   164                                  ;***********************************************************
   165                                  stage_3rd:
   166                                          ;------------------------------------------
   167                                          ; 文字列を表示
   168                                          ;------------------------------------------
   169 00000736 68[B307]E884F983C4-             cdecl puts, .s0
   169 0000073E 02                 
   170                                  
   171                                          ;------------------------------------------
   172                                          ; プロテクトモードで使用するフォントは、
   173                                          ; BIOSに内蔵されたものを流用する
   174                                          ;------------------------------------------
   175 0000073F 68[0002]E888FB83C4-             cdecl get_font_adr, FONT
   175 00000747 02                 
   176                                  
   177                                          ;------------------------------------------
   178                                          ; フォントアドレスの表示
   179                                          ;------------------------------------------
   180 00000748 6A046A106A0468-                 cdecl itoa, word[FONT.seg], .p1, 4, 16, 0b0100
   180 0000074F [D007]FF36[0002]E8-
   180 00000756 B4FA83C40A         
   181 0000075B 6A046A106A0468-                 cdecl itoa, word[FONT.off], .p2, 4, 16, 0b0100
   181 00000762 [D507]FF36[0202]E8-
   181 00000769 A1FA83C40A         
   182 0000076E 68[C207]E84CF983C4-             cdecl puts, .s1
   182 00000776 02                 
   183                                  
   184                                          ;------------------------------------------
   185                                          ; メモリ情報の取得と表示
   186                                          ;------------------------------------------
   187 00000777 E873FB                          cdecl get_mem_info
   188                                  
   189 0000077A 66A1[0402]                      mov eax, [ACPI_DATA.adr]
   190 0000077E 6683F800                        cmp eax, 0
   191 00000782 742D                            je .10E
   192                                  
   193 00000784 6A046A106A0468-                 cdecl itoa, ax, .p4, 4, 16, 0b0100
   193 0000078B [EE07]50E87BFA83C4-
   193 00000793 0A                 
   194 00000794 66C1E810                        shr eax, 16
   195 00000798 6A046A106A0468-                 cdecl itoa, ax, .p3, 4, 16, 0b0100
   195 0000079F [EA07]50E867FA83C4-
   195 000007A7 0A                 
   196 000007A8 68[DF07]E812F983C4-             cdecl puts, .s2
   196 000007B0 02                 
   197                                  .10E:
   198                                  
   199                                          ;------------------------------------------
   200                                          ; 処理の終了
   201                                          ;------------------------------------------
   202 000007B1 EB42                            jmp stage_4
   203                                  
   204                                          ;------------------------------------------
   205                                          ; データ
   206                                          ;------------------------------------------
   207 000007B3 337264207374616765-     .s0     db "3rd stage...", 0x0A, 0x0D, 0
   207 000007BC 2E2E2E0A0D00       
   208 000007C2 20466F6E7420416464-     .s1     db " Font Address="
   208 000007CB 726573733D         
   209 000007D0 5A5A5A5A3A              .p1     db "ZZZZ:"
   210 000007D5 5A5A5A5A0A0D00          .p2     db "ZZZZ", 0x0A, 0x0D, 0
   211 000007DC 0A0D00                          db 0x0A, 0x0D, 0
   212 000007DF 204143504920646174-     .s2     db " ACPI data="
   212 000007E8 613D               
   213 000007EA 5A5A5A5A                .p3     db "ZZZZ"
   214 000007EE 5A5A5A5A0A0D00          .p4     db "ZZZZ", 0x0A, 0x0D, 0
   215                                  
   216                                  
   217                                  ;***********************************************************
   218                                  ;  ブート処理の第4ステージ
   219                                  ;***********************************************************
   220                                  stage_4:
   221                                          ;---------------------------------------
   222                                          ;
   223                                          ;---------------------------------------
   224 000007F5 68[C908]E8C5F883C4-             cdecl    puts, .s0
   224 000007FD 02                 
   225                                          ;
   226                                          ;
   227                                          ;
   228 000007FE FA                              cli
   229 000007FF 68AD00E8D6FD83C402              cdecl     KBC_Cmd_Write,  0xAD
   230                                  
   231 00000808 68D000E8CDFD83C402              cdecl     KBC_Cmd_Write, 0xD0
   232 00000811 68[1109]E8A2FD83C4-             cdecl     KBC_Data_Read, .key
   232 00000819 02                 
   233                                  
   234 0000081A 8A1E[1109]                      mov     bl, [.key]
   235 0000081E 80CB02                          or      bl, 0x02
   236                                  
   237 00000821 68D100E8B4FD83C402              cdecl   KBC_Cmd_Write, 0xD1
   238 0000082A 53E86DFD83C402                  cdecl   KBC_Data_Write, bx
   239                                  
   240 00000831 68AE00E8A4FD83C402              cdecl   KBC_Cmd_Write, 0xAE
   241                                  
   242 0000083A FB                              sti
   243                                  
   244 0000083B 68[D808]E87FF883C4-             cdecl   puts, .s1
   244 00000843 02                 
   245                                  
   246                                  
   247                                  
   248                                  
   249                                  
   250                                  
   251                                          ;----------------------------------
   252                                          ;keyboard LED test
   253                                          ;-------------------------------------
   254 00000844 68[EC08]E876F883C4-             cdecl   puts, .s2
   254 0000084C 02                 
   255                                  
   256 0000084D BB0000                          mov     bx, 0                ;CX= LEDの状態
   257                                  .10L:                                ;do
   258                                                                       ;{ 
   259 00000850 B400                            mov    ah, 0x00              ;//  キーinput
   260 00000852 CD16                            int    0x16                  ;  AL = BIOS()  
   261                                  
   262 00000854 3C31                            cmp    al, '1'          
   263 00000856 7266                            jb     .10E
   264                                  
   265                                  
   266 00000858 3C33                            cmp     al, '3'
   267 0000085A 7762                            ja      .10E
   268                                  
   269 0000085C 88C1                            mov     cl, al
   270 0000085E FEC9                            dec     cl
   271 00000860 80E103                          and     cl, 0x03
   272 00000863 B80100                          mov     ax, 0x0001
   273 00000866 D3E0                            shl     ax, cl
   274 00000868 31C3                            xor     bx, ax
   275                                  
   276                                          ;----------------------------------
   277                                          ;LED command send
   278                                          ;-------------------------------------
   279 0000086A FA                              cli
   280                                  
   281 0000086B 68AD00E86AFD83C402              cdecl     KBC_Cmd_Write,  0xAD
   282                                  
   283 00000874 68ED00E821FD83C402              cdecl     KBC_Data_Write, 0xED
   284 0000087D 68[1109]E836FD83C4-             cdecl     KBC_Data_Read, .key
   284 00000885 02                 
   285                                  
   286 00000886 803E[1109]FA                    cmp       [.key], byte 0xFA
   287 0000088B 7509                            jne       .11F
   288                                  
   289 0000088D 53E80AFD83C402                  cdecl   KBC_Data_Write, bx
   290 00000894 EB1C                            jmp     .11E
   291                                  
   292                                  .11F:
   293 00000896 6A046A106A0268-                 cdecl   itoa, word [.key], .e1, 2, 16, 0b0100
   293 0000089D [0D09]FF36[1109]E8-
   293 000008A4 66F983C40A         
   294 000008A9 68[0A09]E811F883C4-             cdecl   puts, .e0
   294 000008B1 02                 
   295                                  .11E:
   296 000008B2 68AE00E823FD83C402              cdecl   KBC_Cmd_Write, 0xAE
   297                                  
   298 000008BB FB                              sti
   299                                  
   300 000008BC EB92                            jmp     .10L
   301                                  .10E:
   302                                  
   303                                          ;----------------------------------
   304                                          ;display letter
   305                                          ;-------------------------------------
   306 000008BE 68[0109]E8FCF783C4-     cdecl puts, .s3
   306 000008C6 02                 
   307                                  
   308 000008C7 EB4A                    jmp    stage_5
   309 000008C9 347468207374616765-     .s0:    db  "4th stage...", 0x0A, 0x0D, 0
   309 000008D2 2E2E2E0A0D00       
   310 000008D8 413230204761746520-     .s1:    db "A20 Gate Enabled.", 0x0A, 0x0D, 0
   310 000008E1 456E61626C65642E0A-
   310 000008EA 0D00               
   311 000008EC 4B6579626F61726420-     .s2:    db "Keyboard LED Test...", 0
   311 000008F5 4C454420546573742E-
   311 000008FE 2E2E00             
   312 00000901 28646F6E65290A0D00      .s3:    db "(done)", 0x0A, 0x0D, 0
   313 0000090A 5B2000                  .e0:    db "[ ", 0
   314 0000090D 5A5A5D00                .e1:    db "ZZ]", 0
   315 00000911 0000                    .key:   dw  0
   316                                  
   317                                  stage_5:
   318                                           ;---------------------------------------
   319                                           ;
   320                                           ;---------------------------------------
   321 00000913 68[3F09]E8A7F783C4-              cdecl    puts, .s0
   321 0000091B 02                 
   322                                           ;----
   323                                           ;
   324                                           ;----
   325 0000091C 68009C6A106A1068-                cdecl    read_lba, BOOT, BOOT_SECT, KERNEL_SECT, BOOT_END
   325 00000924 [B800]E80BFD83C408 
   326                                  
   327 0000092C 83F810                           cmp     ax, KERNEL_SECT
   328                                  
   329 0000092F 740C                    .10Q:    jz      .10E
   330 00000931 68[4E09]E889F783C4-     .10T:    cdecl    puts, .e0
   330 00000939 02                 
   331 0000093A E8A2F7                           call     reboot
   332                                  .10E:    
   333                                          ;---------------------------------------
   334                                          ;
   335                                          ;---------------------------------------
   336 0000093D EBFE                            jmp     $
   337 0000093F 357468207374616765-     .s0:    db  "5th stage...", 0x0A, 0x0D, 0
   337 00000948 2E2E2E0A0D00       
   338 0000094E 4661696C757265206C-     .e0:    db "Failure load kernel...", 0x0A, 0x0D, 0
   338 00000957 6F6164206B65726E65-
   338 00000960 6C2E2E2E0A0D00     
   339                                  
   340                                  
   341                                  ;***********************************************************
   342                                  ;  パディング（このファイルは8Kバイトとする）
   343                                  ;***********************************************************
   344 00000967 00<rep 1699h>                   times BOOT_SIZE - ($ - $$) db 0
